[2014-05-07 13:54:24,653]  11 -- ERROR -- Grab.BackgroudThread [_ThreadFun] -- hello
[2014-05-07 13:55:24,944]  10 -- ERROR -- Grab.Glogger [_ThreadFun] -- hello
[2014-05-07 13:56:37,043]  10 -- INFO  -- Grab.Glogger [_ThreadFun] -- hello
[2014-05-07 13:59:11,321]  10 -- INFO  -- Grab.Glogger [_ThreadFun] -- hello
[2014-05-07 13:59:11,341]  10 -- INFO  -- Grab.Glogger [_ThreadFun] -- 检查更新...
[2014-05-07 13:59:14,806]  10 -- INFO  -- Grab.Glogger [_ThreadFun] -- 启动程序失败
[2014-05-07 13:59:56,936]  11 -- INFO  -- Grab.Glogger [_ThreadFun] -- hello
[2014-05-07 13:59:56,960]  11 -- INFO  -- Grab.Glogger [_ThreadFun] -- 检查更新...
[2014-05-07 14:00:00,434]  11 -- INFO  -- Grab.Glogger [_ThreadFun] -- 启动程序失败System.NullReferenceException: Object reference not set to an instance of an object.
   at Grab.BackgroudThread._ThreadFun() in C:\windows_projects\windows\GrabProject\Grab\BackgroudThread.cs:line 45
[2014-05-07 14:00:39,419]  10 -- INFO  -- Grab.Glogger [_ThreadFun] -- hello
[2014-05-07 14:00:39,438]  10 -- INFO  -- Grab.Glogger [_ThreadFun] -- 检查更新...
[2014-05-07 14:00:43,033]  10 -- ERROR -- Grab.Glogger [_ThreadFun] -- 启动程序失败
System.NullReferenceException: Object reference not set to an instance of an object.
   at Grab.BackgroudThread._ThreadFun() in C:\windows_projects\windows\GrabProject\Grab\BackgroudThread.cs:line 45
[2014-05-07 14:00:43,033]  10 -- ERROR -- Grab.Glogger [_ThreadFun] -- System.NullReferenceException: Object reference not set to an instance of an object.
[2014-05-07 14:00:43,034]  10 -- ERROR -- Grab.Glogger [_ThreadFun] --    at Grab.BackgroudThread._ThreadFun() in C:\windows_projects\windows\GrabProject\Grab\BackgroudThread.cs:line 45
[2014-05-07 14:03:10,527]  10 -- INFO  -- Grab.Glogger [_ThreadFun] -- hello
[2014-05-07 14:03:10,544]  10 -- INFO  -- Grab.Glogger [_ThreadFun] -- 检查更新...
[2014-05-07 14:03:14,110]  10 -- ERROR -- Grab.Glogger [_ThreadFun] -- 连接服务器失败, 退出程序.
[2014-05-07 14:04:09,095]  10 -- INFO  -- Grab.Glogger [_ThreadFun] -- hello
[2014-05-07 14:04:09,539]  10 -- INFO  -- Grab.Glogger [_ThreadFun] -- 检查更新...
[2014-05-07 14:04:12,237]  10 -- INFO  -- Grab.Glogger [_ThreadFun] -- 检查错误日志...
[2014-05-07 14:04:12,238]  10 -- INFO  -- Grab.Glogger [_ThreadFun] -- 获得注册信息...
[2014-05-07 14:54:40,887]  10 -- INFO  -- Grab.Glogger [_ThreadFun] -- 检查更新...
[2014-05-07 14:54:44,368]  10 -- INFO  -- Grab.Glogger [_ThreadFun] -- 检查错误日志...
[2014-05-07 14:54:44,369]  10 -- INFO  -- Grab.Glogger [_ThreadFun] -- 获得注册信息...
[2014-05-07 14:55:28,783]  10 -- INFO  -- Grab.Glogger [_ThreadFun] -- 检查更新...
[2014-05-07 14:56:09,864]  11 -- INFO  -- Grab.Glogger [_ThreadFun] -- 检查更新...
[2014-05-07 14:56:12,432]  11 -- INFO  -- Grab.Glogger [_ThreadFun] -- 检查错误日志...
[2014-05-07 14:56:12,433]  11 -- INFO  -- Grab.Glogger [_ThreadFun] -- 获得注册信息...
[2014-05-07 14:58:47,963]  11 -- INFO  -- Grab.Glogger [_ThreadFun] -- 检查更新...
[2014-05-07 14:58:50,597]  11 -- INFO  -- Grab.Glogger [_ThreadFun] -- 检查错误日志...
[2014-05-07 14:58:50,598]  11 -- INFO  -- Grab.Glogger [_ThreadFun] -- 获得注册信息...
[2014-05-07 15:14:46,990]  11 -- INFO  -- Grab.Glogger [_ThreadFun] -- 检查更新...
[2014-05-07 15:14:50,879]  11 -- INFO  -- Grab.Glogger [_ThreadFun] -- 检查错误日志...
[2014-05-07 15:14:50,880]  11 -- INFO  -- Grab.Glogger [_ThreadFun] -- 获得注册信息...
[2014-05-07 15:18:46,327]  10 -- INFO  -- Grab.Glogger [_ThreadFun] -- 检查更新...
[2014-05-07 15:18:48,816]  10 -- INFO  -- Grab.Glogger [_ThreadFun] -- 检查错误日志...
[2014-05-07 15:18:48,818]  10 -- INFO  -- Grab.Glogger [_ThreadFun] -- 获得注册信息...
[2014-05-07 15:20:58,579]  11 -- INFO  -- Grab.Glogger [_ThreadFun] -- 检查更新...
[2014-05-07 15:21:01,160]  11 -- INFO  -- Grab.Glogger [_ThreadFun] -- 检查错误日志...
[2014-05-07 15:21:01,161]  11 -- INFO  -- Grab.Glogger [_ThreadFun] -- 获得注册信息...
[2014-05-07 15:26:55,700]  11 -- INFO  -- Grab.Glogger [_ThreadFun] -- 检查更新...
[2014-05-07 15:26:58,362]  11 -- INFO  -- Grab.Glogger [_ThreadFun] -- 检查错误日志...
[2014-05-07 15:26:58,363]  11 -- INFO  -- Grab.Glogger [_ThreadFun] -- 获得注册信息...
[2014-05-07 15:29:21,772]  10 -- INFO  -- Grab.Glogger [_ThreadFun] -- 检查更新...
[2014-05-07 15:29:24,386]  10 -- INFO  -- Grab.Glogger [_ThreadFun] -- 检查错误日志...
[2014-05-07 15:29:24,387]  10 -- INFO  -- Grab.Glogger [_ThreadFun] -- 获得注册信息...
[2014-05-07 15:30:17,842]  11 -- INFO  -- Grab.Glogger [_ThreadFun] -- 检查更新...
[2014-05-07 15:30:21,207]  11 -- INFO  -- Grab.Glogger [_ThreadFun] -- 检查错误日志...
[2014-05-07 15:30:21,208]  11 -- INFO  -- Grab.Glogger [_ThreadFun] -- 获得注册信息...
[2014-05-07 15:31:14,137]  11 -- INFO  -- Grab.Glogger [_ThreadFun] -- 检查更新...
[2014-05-07 15:31:16,699]  11 -- INFO  -- Grab.Glogger [_ThreadFun] -- 检查错误日志...
[2014-05-07 15:31:16,701]  11 -- INFO  -- Grab.Glogger [_ThreadFun] -- 获得注册信息...
[2014-05-07 15:32:50,867]  10 -- INFO  -- Grab.Glogger [_ThreadFun] -- 检查更新...
[2014-05-07 15:32:53,465]  10 -- INFO  -- Grab.Glogger [_ThreadFun] -- 检查错误日志...
[2014-05-07 15:32:53,466]  10 -- INFO  -- Grab.Glogger [_ThreadFun] -- 获得注册信息...
[2014-05-07 15:33:05,774]  11 -- INFO  -- Grab.Glogger [_ThreadFun] -- 检查更新...
[2014-05-07 15:33:08,250]  11 -- INFO  -- Grab.Glogger [_ThreadFun] -- 检查错误日志...
[2014-05-07 15:33:08,251]  11 -- INFO  -- Grab.Glogger [_ThreadFun] -- 获得注册信息...
[2014-05-07 15:34:06,623]  11 -- INFO  -- Grab.Glogger [_ThreadFun] -- 检查更新...
[2014-05-07 15:34:25,792]  11 -- INFO  -- Grab.Glogger [_ThreadFun] -- 检查更新...
[2014-05-07 15:34:28,149]  11 -- INFO  -- Grab.Glogger [_ThreadFun] -- 检查错误日志...
[2014-05-07 15:34:28,150]  11 -- INFO  -- Grab.Glogger [_ThreadFun] -- 获得注册信息...
[2014-05-07 15:36:39,652]  10 -- INFO  -- Grab.Glogger [_ThreadFun] -- 检查更新...
[2014-05-07 15:36:42,199]  10 -- INFO  -- Grab.Glogger [_ThreadFun] -- 检查错误日志...
[2014-05-07 15:36:42,200]  10 -- INFO  -- Grab.Glogger [_ThreadFun] -- 获得注册信息...
[2014-05-07 16:02:28,662]  11 -- INFO  -- Grab.Glogger [_ThreadFun] -- 检查更新...
[2014-05-07 16:02:31,046]  11 -- INFO  -- Grab.Glogger [_ThreadFun] -- 检查错误日志...
[2014-05-07 16:02:31,048]  11 -- INFO  -- Grab.Glogger [_ThreadFun] -- 获得注册信息...
[2014-05-07 16:09:47,063]  10 -- INFO  -- Grab.Glogger [_ThreadFun] -- 检查更新...
[2014-05-07 16:09:49,556]  10 -- INFO  -- Grab.Glogger [_ThreadFun] -- 检查错误日志...
[2014-05-07 16:09:49,556]  10 -- INFO  -- Grab.Glogger [_ThreadFun] -- 获得注册信息...
[2014-05-07 16:10:25,261]  11 -- INFO  -- Grab.Glogger [_ThreadFun] -- 检查更新...
[2014-05-07 16:10:27,626]  11 -- INFO  -- Grab.Glogger [_ThreadFun] -- 检查错误日志...
[2014-05-07 16:10:27,628]  11 -- INFO  -- Grab.Glogger [_ThreadFun] -- 获得注册信息...
[2014-05-07 16:11:38,520]  10 -- INFO  -- Grab.Glogger [_ThreadFun] -- 检查更新...
[2014-05-07 16:16:05,353]  11 -- INFO  -- Grab.Glogger [_ThreadFun] -- 检查更新...
[2014-05-07 16:16:09,863]  11 -- INFO  -- Grab.Glogger [_ThreadFun] -- 检查错误日志...
[2014-05-07 16:16:09,864]  11 -- INFO  -- Grab.Glogger [_ThreadFun] -- 获得注册信息...
[2014-05-07 16:18:01,700]  10 -- INFO  -- Grab.Glogger [_ThreadFun] -- 检查更新...
[2014-05-07 16:18:04,144]  10 -- INFO  -- Grab.Glogger [_ThreadFun] -- 检查错误日志...
[2014-05-07 16:18:04,144]  10 -- INFO  -- Grab.Glogger [_ThreadFun] -- 获得注册信息...
[2014-05-07 16:18:26,688]  10 -- INFO  -- Grab.Glogger [_ThreadFun] -- 检查更新...
[2014-05-07 16:18:29,037]  10 -- INFO  -- Grab.Glogger [_ThreadFun] -- 检查错误日志...
[2014-05-07 16:18:29,037]  10 -- INFO  -- Grab.Glogger [_ThreadFun] -- 获得注册信息...
[2014-05-07 16:18:39,395]  11 -- INFO  -- Grab.Glogger [_ThreadFun] -- 检查更新...
[2014-05-07 16:19:07,693]  11 -- INFO  -- Grab.Glogger [_ThreadFun] -- 检查错误日志...
[2014-05-07 16:19:07,694]  11 -- INFO  -- Grab.Glogger [_ThreadFun] -- 获得注册信息...
[2014-05-07 16:22:05,440]  10 -- INFO  -- Grab.Glogger [_ThreadFun] -- 检查更新...
[2014-05-07 16:22:42,631]  11 -- INFO  -- Grab.Glogger [_ThreadFun] -- 检查更新...
[2014-05-07 16:22:45,962]  11 -- INFO  -- Grab.Glogger [_ThreadFun] -- 检查错误日志...
[2014-05-07 16:22:45,963]  11 -- INFO  -- Grab.Glogger [_ThreadFun] -- 获得注册信息...
[2014-05-07 16:28:52,685]  10 -- INFO  -- Grab.Glogger [_ThreadFun] -- 检查更新...
[2014-05-07 16:28:55,136]  10 -- INFO  -- Grab.Glogger [_ThreadFun] -- 检查错误日志...
[2014-05-07 16:28:55,137]  10 -- INFO  -- Grab.Glogger [_ThreadFun] -- 获得注册信息...
[2014-05-08 13:53:22,933]  10 -- INFO  -- Grab.Glogger [_ThreadFun] -- 检查更新...
[2014-05-08 13:53:27,603]  10 -- INFO  -- Grab.Glogger [_ThreadFun] -- 检查错误日志...
[2014-05-08 13:53:27,604]  10 -- INFO  -- Grab.Glogger [_ThreadFun] -- 获得注册信息...
[2014-05-08 13:55:12,853]  10 -- INFO  -- Grab.Glogger [_ThreadFun] -- 检查更新...
[2014-05-08 13:55:15,339]  10 -- INFO  -- Grab.Glogger [_ThreadFun] -- 检查错误日志...
[2014-05-08 13:55:15,340]  10 -- INFO  -- Grab.Glogger [_ThreadFun] -- 获得注册信息...
[2014-05-08 13:57:15,037]  11 -- INFO  -- Grab.Glogger [_ThreadFun] -- 检查更新...
[2014-05-08 13:57:17,561]  11 -- INFO  -- Grab.Glogger [_ThreadFun] -- 检查错误日志...
[2014-05-08 13:57:17,563]  11 -- INFO  -- Grab.Glogger [_ThreadFun] -- 获得注册信息...
[2014-05-08 13:57:35,037]  9 -- INFO  -- Grab.Glogger [_ThreadFun] -- 检查更新...
[2014-05-08 13:57:37,405]  9 -- INFO  -- Grab.Glogger [_ThreadFun] -- 检查错误日志...
[2014-05-08 13:57:37,405]  9 -- INFO  -- Grab.Glogger [_ThreadFun] -- 获得注册信息...
[2014-05-08 13:57:47,510]  11 -- INFO  -- Grab.Glogger [_ThreadFun] -- 检查更新...
[2014-05-08 13:57:49,845]  11 -- INFO  -- Grab.Glogger [_ThreadFun] -- 检查错误日志...
[2014-05-08 13:57:49,846]  11 -- INFO  -- Grab.Glogger [_ThreadFun] -- 获得注册信息...
[2014-05-08 14:03:16,071]  11 -- INFO  -- Grab.Glogger [_ThreadFun] -- 检查更新...
[2014-05-08 14:03:18,687]  11 -- INFO  -- Grab.Glogger [_ThreadFun] -- 检查错误日志...
[2014-05-08 14:03:18,688]  11 -- INFO  -- Grab.Glogger [_ThreadFun] -- 获得注册信息...
[2014-05-08 14:03:45,999]  10 -- INFO  -- Grab.Glogger [_ThreadFun] -- 检查更新...
[2014-05-08 14:03:48,447]  10 -- INFO  -- Grab.Glogger [_ThreadFun] -- 检查错误日志...
[2014-05-08 14:03:48,448]  10 -- INFO  -- Grab.Glogger [_ThreadFun] -- 获得注册信息...
[2014-05-08 14:04:00,687]  10 -- INFO  -- Grab.Glogger [_ThreadFun] -- 检查更新...
[2014-05-08 14:04:03,090]  10 -- INFO  -- Grab.Glogger [_ThreadFun] -- 检查错误日志...
[2014-05-08 14:04:03,091]  10 -- INFO  -- Grab.Glogger [_ThreadFun] -- 获得注册信息...
[2014-05-08 14:04:39,713]  10 -- INFO  -- Grab.Glogger [_ThreadFun] -- 检查更新...
[2014-05-08 14:04:42,172]  10 -- INFO  -- Grab.Glogger [_ThreadFun] -- 检查错误日志...
[2014-05-08 14:04:42,172]  10 -- INFO  -- Grab.Glogger [_ThreadFun] -- 获得注册信息...
[2014-05-08 14:05:19,677]  10 -- INFO  -- Grab.Glogger [_ThreadFun] -- 检查更新...
[2014-05-08 14:05:22,183]  10 -- INFO  -- Grab.Glogger [_ThreadFun] -- 检查错误日志...
[2014-05-08 14:05:22,184]  10 -- INFO  -- Grab.Glogger [_ThreadFun] -- 获得注册信息...
[2014-05-08 14:05:58,799]  11 -- INFO  -- Grab.Glogger [_ThreadFun] -- 检查更新...
[2014-05-08 14:06:01,478]  11 -- INFO  -- Grab.Glogger [_ThreadFun] -- 检查错误日志...
[2014-05-08 14:06:01,478]  11 -- INFO  -- Grab.Glogger [_ThreadFun] -- 获得注册信息...
[2014-05-08 14:06:09,012]  10 -- INFO  -- Grab.Glogger [_ThreadFun] -- 检查更新...
[2014-05-08 14:06:11,455]  10 -- INFO  -- Grab.Glogger [_ThreadFun] -- 检查错误日志...
[2014-05-08 14:06:11,456]  10 -- INFO  -- Grab.Glogger [_ThreadFun] -- 获得注册信息...
[2014-05-08 14:10:49,724]  11 -- INFO  -- Grab.Glogger [_ThreadFun] -- 检查更新...
[2014-05-08 14:10:53,232]  11 -- INFO  -- Grab.Glogger [_ThreadFun] -- 检查错误日志...
[2014-05-08 14:10:53,233]  11 -- INFO  -- Grab.Glogger [_ThreadFun] -- 获得注册信息...
[2014-05-08 14:11:17,221]  10 -- INFO  -- Grab.Glogger [_ThreadFun] -- 检查更新...
[2014-05-08 14:11:19,671]  10 -- INFO  -- Grab.Glogger [_ThreadFun] -- 检查错误日志...
[2014-05-08 14:11:19,672]  10 -- INFO  -- Grab.Glogger [_ThreadFun] -- 获得注册信息...
[2014-05-08 14:11:46,093]  11 -- INFO  -- Grab.Glogger [_ThreadFun] -- 检查更新...
[2014-05-08 14:11:48,536]  11 -- INFO  -- Grab.Glogger [_ThreadFun] -- 检查错误日志...
[2014-05-08 14:11:48,537]  11 -- INFO  -- Grab.Glogger [_ThreadFun] -- 获得注册信息...
[2014-05-08 14:11:59,218]  10 -- INFO  -- Grab.Glogger [_ThreadFun] -- 检查更新...
[2014-05-08 14:12:01,785]  10 -- INFO  -- Grab.Glogger [_ThreadFun] -- 检查错误日志...
[2014-05-08 14:12:01,785]  10 -- INFO  -- Grab.Glogger [_ThreadFun] -- 获得注册信息...
[2014-05-08 14:12:24,404]  11 -- INFO  -- Grab.Glogger [_ThreadFun] -- 检查更新...
[2014-05-08 14:12:26,747]  11 -- INFO  -- Grab.Glogger [_ThreadFun] -- 检查错误日志...
[2014-05-08 14:12:26,748]  11 -- INFO  -- Grab.Glogger [_ThreadFun] -- 获得注册信息...
[2014-05-08 15:32:45,047]  11 -- INFO  -- Grab.Glogger [_ThreadFun] -- 检查更新...
[2014-05-08 15:34:50,073]  10 -- INFO  -- Grab.Glogger [_ThreadFun] -- 检查更新...
[2014-05-08 15:34:52,614]  10 -- INFO  -- Grab.Glogger [_ThreadFun] -- 检查错误日志...
[2014-05-08 15:34:52,615]  10 -- INFO  -- Grab.Glogger [_ThreadFun] -- 获得注册信息...
[2014-05-08 15:39:44,279]  10 -- INFO  -- Grab.Glogger [_ThreadFun] -- 检查更新...
[2014-05-08 15:39:47,407]  10 -- INFO  -- Grab.Glogger [_ThreadFun] -- 检查错误日志...
[2014-05-08 15:39:47,408]  10 -- INFO  -- Grab.Glogger [_ThreadFun] -- 获得注册信息...
[2014-05-08 15:44:26,674]  11 -- INFO  -- Grab.Glogger [_ThreadFun] -- 检查更新...
[2014-05-08 15:44:29,342]  11 -- INFO  -- Grab.Glogger [_ThreadFun] -- 检查错误日志...
[2014-05-08 15:44:29,343]  11 -- INFO  -- Grab.Glogger [_ThreadFun] -- 获得注册信息...
[2014-05-08 15:46:05,118]  10 -- INFO  -- Grab.Glogger [_ThreadFun] -- 检查更新...
[2014-05-08 15:46:07,712]  10 -- INFO  -- Grab.Glogger [_ThreadFun] -- 检查错误日志...
[2014-05-08 15:46:07,713]  10 -- INFO  -- Grab.Glogger [_ThreadFun] -- 获得注册信息...
[2014-05-08 15:48:14,351]  10 -- INFO  -- Grab.Glogger [_ThreadFun] -- 检查更新...
[2014-05-08 15:48:27,583]  10 -- INFO  -- Grab.Glogger [_ThreadFun] -- 检查错误日志...
[2014-05-08 15:48:27,584]  10 -- INFO  -- Grab.Glogger [_ThreadFun] -- 获得注册信息...
[2014-05-08 15:48:42,999]  11 -- INFO  -- Grab.Glogger [_ThreadFun] -- 检查更新...
[2014-05-08 15:48:45,457]  11 -- INFO  -- Grab.Glogger [_ThreadFun] -- 检查错误日志...
[2014-05-08 15:48:45,458]  11 -- INFO  -- Grab.Glogger [_ThreadFun] -- 获得注册信息...
[2014-05-08 15:50:19,389]  10 -- INFO  -- Grab.Glogger [_ThreadFun] -- 检查更新...
[2014-05-08 15:50:21,998]  10 -- INFO  -- Grab.Glogger [_ThreadFun] -- 检查错误日志...
[2014-05-08 15:50:21,999]  10 -- INFO  -- Grab.Glogger [_ThreadFun] -- 获得注册信息...
[2014-05-08 15:53:43,368]  10 -- INFO  -- Grab.Glogger [_ThreadFun] -- 检查更新...
[2014-05-08 15:53:46,083]  10 -- INFO  -- Grab.Glogger [_ThreadFun] -- 检查错误日志...
[2014-05-08 15:53:46,084]  10 -- INFO  -- Grab.Glogger [_ThreadFun] -- 获得注册信息...
[2014-05-08 15:57:25,875]  11 -- INFO  -- Grab.Glogger [_ThreadFun] -- 检查更新...
[2014-05-08 15:57:29,530]  11 -- INFO  -- Grab.Glogger [_ThreadFun] -- 检查错误日志...
[2014-05-08 15:57:29,532]  11 -- INFO  -- Grab.Glogger [_ThreadFun] -- 获得注册信息...
[2014-05-08 15:57:40,942]  11 -- INFO  -- Grab.Glogger [_ThreadFun] -- 检查更新...
[2014-05-08 15:57:46,184]  11 -- INFO  -- Grab.Glogger [_ThreadFun] -- 检查错误日志...
[2014-05-08 15:57:46,185]  11 -- INFO  -- Grab.Glogger [_ThreadFun] -- 获得注册信息...
[2014-05-08 16:12:08,530]  10 -- INFO  -- Grab.Glogger [_ThreadFun] -- 检查更新...
[2014-05-08 16:12:17,040]  10 -- INFO  -- Grab.Glogger [_ThreadFun] -- 检查错误日志...
[2014-05-08 16:12:17,041]  10 -- INFO  -- Grab.Glogger [_ThreadFun] -- 获得注册信息...
[2014-05-08 16:13:06,012]  11 -- INFO  -- Grab.Glogger [_ThreadFun] -- 检查更新...
[2014-05-08 16:13:09,434]  11 -- INFO  -- Grab.Glogger [_ThreadFun] -- 检查错误日志...
[2014-05-08 16:13:09,435]  11 -- INFO  -- Grab.Glogger [_ThreadFun] -- 获得注册信息...
[2014-05-08 16:13:31,392]  10 -- INFO  -- Grab.Glogger [_ThreadFun] -- 检查更新...
[2014-05-08 16:13:33,976]  10 -- INFO  -- Grab.Glogger [_ThreadFun] -- 检查错误日志...
[2014-05-08 16:13:33,977]  10 -- INFO  -- Grab.Glogger [_ThreadFun] -- 获得注册信息...
[2014-05-08 16:14:51,908]  9 -- INFO  -- Grab.Glogger [_ThreadFun] -- 检查更新...
[2014-05-08 16:14:54,499]  9 -- INFO  -- Grab.Glogger [_ThreadFun] -- 检查错误日志...
[2014-05-08 16:14:54,500]  9 -- INFO  -- Grab.Glogger [_ThreadFun] -- 获得注册信息...
[2014-05-08 16:17:26,826]  10 -- INFO  -- Grab.Glogger [_ThreadFun] -- 检查更新...
[2014-05-08 16:17:30,590]  10 -- INFO  -- Grab.Glogger [_ThreadFun] -- 检查错误日志...
[2014-05-08 16:17:30,591]  10 -- INFO  -- Grab.Glogger [_ThreadFun] -- 获得注册信息...
[2014-05-08 16:18:36,121]  9 -- INFO  -- Grab.Glogger [_ThreadFun] -- 检查更新...
[2014-05-08 16:18:38,718]  9 -- INFO  -- Grab.Glogger [_ThreadFun] -- 检查错误日志...
[2014-05-08 16:18:38,719]  9 -- INFO  -- Grab.Glogger [_ThreadFun] -- 获得注册信息...
[2014-05-08 16:22:12,875]  10 -- INFO  -- Grab.Glogger [_ThreadFun] -- 检查更新...
[2014-05-08 16:22:16,369]  10 -- INFO  -- Grab.Glogger [_ThreadFun] -- 检查错误日志...
[2014-05-08 16:22:16,370]  10 -- INFO  -- Grab.Glogger [_ThreadFun] -- 获得注册信息...
[2014-05-08 16:23:17,184]  11 -- INFO  -- Grab.Glogger [_ThreadFun] -- 检查更新...
[2014-05-08 16:23:19,821]  11 -- INFO  -- Grab.Glogger [_ThreadFun] -- 检查错误日志...
[2014-05-08 16:23:19,822]  11 -- INFO  -- Grab.Glogger [_ThreadFun] -- 获得注册信息...
[2014-05-08 16:23:48,579]  10 -- INFO  -- Grab.Glogger [_ThreadFun] -- 检查更新...
[2014-05-08 16:23:52,336]  10 -- INFO  -- Grab.Glogger [_ThreadFun] -- 检查错误日志...
[2014-05-08 16:23:52,337]  10 -- INFO  -- Grab.Glogger [_ThreadFun] -- 获得注册信息...
[2014-05-08 16:24:40,914]  10 -- INFO  -- Grab.Glogger [_ThreadFun] -- 检查更新...
[2014-05-08 16:24:43,442]  10 -- INFO  -- Grab.Glogger [_ThreadFun] -- 检查错误日志...
[2014-05-08 16:24:43,443]  10 -- INFO  -- Grab.Glogger [_ThreadFun] -- 获得注册信息...
[2014-05-08 16:27:09,371]  11 -- INFO  -- Grab.Glogger [_ThreadFun] -- 检查更新...
[2014-05-08 16:27:17,231]  11 -- INFO  -- Grab.Glogger [_ThreadFun] -- 检查错误日志...
[2014-05-08 16:27:17,232]  11 -- INFO  -- Grab.Glogger [_ThreadFun] -- 获得注册信息...
[2014-05-08 16:30:21,684]  9 -- INFO  -- Grab.Glogger [_ThreadFun] -- 检查更新...
[2014-05-08 16:30:25,095]  9 -- INFO  -- Grab.Glogger [_ThreadFun] -- 检查错误日志...
[2014-05-08 16:30:25,097]  9 -- INFO  -- Grab.Glogger [_ThreadFun] -- 获得注册信息...
[2014-05-08 16:32:23,864]  10 -- INFO  -- Grab.Glogger [_ThreadFun] -- 检查更新...
[2014-05-08 16:32:26,421]  10 -- INFO  -- Grab.Glogger [_ThreadFun] -- 检查错误日志...
[2014-05-08 16:32:26,422]  10 -- INFO  -- Grab.Glogger [_ThreadFun] -- 获得注册信息...
[2014-05-08 17:04:41,510]  10 -- INFO  -- Grab.Glogger [_ThreadFun] -- 检查更新...
[2014-05-08 17:04:45,051]  10 -- INFO  -- Grab.Glogger [_ThreadFun] -- 检查错误日志...
[2014-05-08 17:04:45,052]  10 -- INFO  -- Grab.Glogger [_ThreadFun] -- 获得注册信息...
[2014-05-08 17:05:14,121]  10 -- INFO  -- Grab.Glogger [_ThreadFun] -- 检查更新...
[2014-05-08 17:05:16,677]  10 -- INFO  -- Grab.Glogger [_ThreadFun] -- 检查错误日志...
[2014-05-08 17:05:16,678]  10 -- INFO  -- Grab.Glogger [_ThreadFun] -- 获得注册信息...
[2014-05-08 17:06:09,039]  10 -- INFO  -- Grab.Glogger [_ThreadFun] -- 检查更新...
[2014-05-08 17:06:11,540]  10 -- INFO  -- Grab.Glogger [_ThreadFun] -- 检查错误日志...
[2014-05-08 17:06:11,541]  10 -- INFO  -- Grab.Glogger [_ThreadFun] -- 获得注册信息...
[2014-05-08 17:09:29,799]  10 -- INFO  -- Grab.Glogger [_ThreadFun] -- 检查更新...
[2014-05-08 17:09:32,408]  10 -- INFO  -- Grab.Glogger [_ThreadFun] -- 检查错误日志...
[2014-05-08 17:09:32,410]  10 -- INFO  -- Grab.Glogger [_ThreadFun] -- 获得注册信息...
[2014-05-08 17:10:09,412]  10 -- INFO  -- Grab.Glogger [_ThreadFun] -- 检查更新...
[2014-05-08 17:10:11,827]  10 -- INFO  -- Grab.Glogger [_ThreadFun] -- 检查错误日志...
[2014-05-08 17:10:11,829]  10 -- INFO  -- Grab.Glogger [_ThreadFun] -- 获得注册信息...
[2014-05-08 17:24:37,802]  11 -- INFO  -- Grab.Glogger [_ThreadFun] -- 检查更新...
[2014-05-08 17:24:41,585]  11 -- INFO  -- Grab.Glogger [_ThreadFun] -- 检查错误日志...
[2014-05-08 17:24:41,586]  11 -- INFO  -- Grab.Glogger [_ThreadFun] -- 获得注册信息...
[2014-05-08 17:34:11,849]  10 -- INFO  -- Grab.Glogger [_ThreadFun] -- 检查更新...
[2014-05-08 17:34:15,431]  10 -- INFO  -- Grab.Glogger [_ThreadFun] -- 检查错误日志...
[2014-05-08 17:34:15,432]  10 -- INFO  -- Grab.Glogger [_ThreadFun] -- 获得注册信息...
[2014-05-08 17:36:39,728]  10 -- INFO  -- Grab.Glogger [_ThreadFun] -- 检查更新...
[2014-05-08 17:36:42,279]  10 -- INFO  -- Grab.Glogger [_ThreadFun] -- 检查错误日志...
[2014-05-08 17:36:42,280]  10 -- INFO  -- Grab.Glogger [_ThreadFun] -- 获得注册信息...
[2014-05-08 17:44:21,244]  11 -- INFO  -- Grab.Glogger [_ThreadFun] -- 检查更新...
[2014-05-08 17:44:24,739]  11 -- INFO  -- Grab.Glogger [_ThreadFun] -- 检查错误日志...
[2014-05-08 17:44:24,740]  11 -- INFO  -- Grab.Glogger [_ThreadFun] -- 获得注册信息...
[2014-05-08 17:47:00,589]  10 -- INFO  -- Grab.Glogger [_ThreadFun] -- 检查更新...
[2014-05-08 17:47:03,098]  10 -- INFO  -- Grab.Glogger [_ThreadFun] -- 检查错误日志...
[2014-05-08 17:47:03,099]  10 -- INFO  -- Grab.Glogger [_ThreadFun] -- 获得注册信息...
[2014-05-08 17:50:33,534]  10 -- INFO  -- Grab.Glogger [_ThreadFun] -- 检查更新...
[2014-05-08 17:50:37,048]  10 -- INFO  -- Grab.Glogger [_ThreadFun] -- 检查错误日志...
[2014-05-08 17:50:37,049]  10 -- INFO  -- Grab.Glogger [_ThreadFun] -- 获得注册信息...
[2014-05-08 18:00:49,376]  10 -- INFO  -- Grab.Glogger [_ThreadFun] -- 检查更新...
[2014-05-08 18:00:52,836]  10 -- INFO  -- Grab.Glogger [_ThreadFun] -- 检查错误日志...
[2014-05-08 18:00:52,838]  10 -- INFO  -- Grab.Glogger [_ThreadFun] -- 获得注册信息...
[2014-05-08 18:04:59,821]  10 -- INFO  -- Grab.Glogger [_ThreadFun] -- 检查更新...
[2014-05-08 18:05:03,226]  10 -- INFO  -- Grab.Glogger [_ThreadFun] -- 检查错误日志...
[2014-05-08 18:05:03,227]  10 -- INFO  -- Grab.Glogger [_ThreadFun] -- 获得注册信息...
[2014-05-08 18:08:23,211]  11 -- INFO  -- Grab.Glogger [_ThreadFun] -- 检查更新...
[2014-05-08 18:08:25,712]  11 -- INFO  -- Grab.Glogger [_ThreadFun] -- 检查错误日志...
[2014-05-08 18:08:25,713]  11 -- INFO  -- Grab.Glogger [_ThreadFun] -- 获得注册信息...
[2014-05-08 18:11:02,736]  10 -- INFO  -- Grab.Glogger [_ThreadFun] -- 检查更新...
[2014-05-08 18:11:05,199]  10 -- INFO  -- Grab.Glogger [_ThreadFun] -- 检查错误日志...
[2014-05-08 18:11:05,200]  10 -- INFO  -- Grab.Glogger [_ThreadFun] -- 获得注册信息...
[2014-05-08 18:11:42,708]  10 -- INFO  -- Grab.Glogger [_ThreadFun] -- 检查更新...
[2014-05-08 18:11:45,070]  10 -- INFO  -- Grab.Glogger [_ThreadFun] -- 检查错误日志...
[2014-05-08 18:11:45,072]  10 -- INFO  -- Grab.Glogger [_ThreadFun] -- 获得注册信息...
[2014-05-08 18:12:38,560]  11 -- INFO  -- Grab.Glogger [_ThreadFun] -- 检查更新...
[2014-05-08 18:12:40,905]  11 -- INFO  -- Grab.Glogger [_ThreadFun] -- 检查错误日志...
[2014-05-08 18:12:40,905]  11 -- INFO  -- Grab.Glogger [_ThreadFun] -- 获得注册信息...
[2014-05-08 18:19:09,516]  11 -- INFO  -- Grab.Glogger [_ThreadFun] -- 检查更新...
[2014-05-08 18:19:11,984]  11 -- INFO  -- Grab.Glogger [_ThreadFun] -- 检查错误日志...
[2014-05-08 18:19:11,985]  11 -- INFO  -- Grab.Glogger [_ThreadFun] -- 获得注册信息...
[2014-05-08 18:19:58,652]  10 -- INFO  -- Grab.Glogger [_ThreadFun] -- 检查更新...
[2014-05-08 18:20:03,582]  10 -- INFO  -- Grab.Glogger [_ThreadFun] -- 检查错误日志...
[2014-05-08 18:20:03,583]  10 -- INFO  -- Grab.Glogger [_ThreadFun] -- 获得注册信息...
[2014-05-08 18:23:05,864]  10 -- INFO  -- Grab.Glogger [_ThreadFun] -- 检查更新...
[2014-05-08 18:23:09,251]  10 -- INFO  -- Grab.Glogger [_ThreadFun] -- 检查错误日志...
[2014-05-08 18:23:09,252]  10 -- INFO  -- Grab.Glogger [_ThreadFun] -- 获得注册信息...
[2014-05-08 18:29:16,546]  11 -- INFO  -- Grab.Glogger [_ThreadFun] -- 检查更新...
[2014-05-08 18:29:19,036]  11 -- INFO  -- Grab.Glogger [_ThreadFun] -- 检查错误日志...
[2014-05-08 18:29:19,037]  11 -- INFO  -- Grab.Glogger [_ThreadFun] -- 获得注册信息...
[2014-05-08 18:31:27,722]  11 -- INFO  -- Grab.Glogger [_ThreadFun] -- 检查更新...
[2014-05-08 18:31:31,158]  11 -- INFO  -- Grab.Glogger [_ThreadFun] -- 检查错误日志...
[2014-05-08 18:31:31,159]  11 -- INFO  -- Grab.Glogger [_ThreadFun] -- 获得注册信息...
[2014-05-08 18:34:39,465]  11 -- INFO  -- Grab.Glogger [_ThreadFun] -- 检查更新...
[2014-05-08 18:34:41,951]  11 -- INFO  -- Grab.Glogger [_ThreadFun] -- 检查错误日志...
[2014-05-08 18:34:41,952]  11 -- INFO  -- Grab.Glogger [_ThreadFun] -- 获得注册信息...
[2014-05-08 18:35:53,735]  10 -- INFO  -- Grab.Glogger [_ThreadFun] -- 检查更新...
[2014-05-08 18:35:56,186]  10 -- INFO  -- Grab.Glogger [_ThreadFun] -- 检查错误日志...
[2014-05-08 18:35:56,187]  10 -- INFO  -- Grab.Glogger [_ThreadFun] -- 获得注册信息...
[2014-05-08 18:42:11,768]  10 -- INFO  -- Grab.Glogger [_ThreadFun] -- 检查更新...
[2014-05-08 18:42:14,238]  10 -- INFO  -- Grab.Glogger [_ThreadFun] -- 检查错误日志...
[2014-05-08 18:42:14,239]  10 -- INFO  -- Grab.Glogger [_ThreadFun] -- 获得注册信息...
[2014-05-08 18:42:36,599]  11 -- INFO  -- Grab.Glogger [_ThreadFun] -- 检查更新...
[2014-05-08 18:42:40,236]  11 -- INFO  -- Grab.Glogger [_ThreadFun] -- 检查错误日志...
[2014-05-08 18:42:40,237]  11 -- INFO  -- Grab.Glogger [_ThreadFun] -- 获得注册信息...
[2014-05-08 18:48:45,887]  10 -- INFO  -- Grab.Glogger [_ThreadFun] -- 检查更新...
[2014-05-08 18:48:49,548]  10 -- INFO  -- Grab.Glogger [_ThreadFun] -- 检查错误日志...
[2014-05-08 18:48:49,549]  10 -- INFO  -- Grab.Glogger [_ThreadFun] -- 获得注册信息...
[2014-05-08 18:50:49,939]  11 -- INFO  -- Grab.Glogger [_ThreadFun] -- 检查更新...
[2014-05-08 18:50:54,084]  11 -- INFO  -- Grab.Glogger [_ThreadFun] -- 检查错误日志...
[2014-05-08 18:50:54,085]  11 -- INFO  -- Grab.Glogger [_ThreadFun] -- 获得注册信息...
[2014-05-08 18:53:17,191]  10 -- INFO  -- Grab.Glogger [_ThreadFun] -- 检查更新...
[2014-05-08 18:53:19,759]  10 -- INFO  -- Grab.Glogger [_ThreadFun] -- 检查错误日志...
[2014-05-08 18:53:19,759]  10 -- INFO  -- Grab.Glogger [_ThreadFun] -- 获得注册信息...
[2014-05-08 18:58:31,044]  11 -- INFO  -- Grab.Glogger [_ThreadFun] -- 检查更新...
[2014-05-08 18:58:33,536]  11 -- INFO  -- Grab.Glogger [_ThreadFun] -- 检查错误日志...
[2014-05-08 18:58:33,537]  11 -- INFO  -- Grab.Glogger [_ThreadFun] -- 获得注册信息...
[2014-05-08 18:59:01,017]  10 -- INFO  -- Grab.Glogger [_ThreadFun] -- 检查更新...
[2014-05-08 18:59:04,614]  10 -- INFO  -- Grab.Glogger [_ThreadFun] -- 检查错误日志...
[2014-05-08 18:59:04,615]  10 -- INFO  -- Grab.Glogger [_ThreadFun] -- 获得注册信息...
[2014-05-08 19:01:43,152]  9 -- INFO  -- Grab.Glogger [_ThreadFun] -- 检查更新...
[2014-05-08 19:01:46,440]  9 -- INFO  -- Grab.Glogger [_ThreadFun] -- 检查错误日志...
[2014-05-08 19:01:46,441]  9 -- INFO  -- Grab.Glogger [_ThreadFun] -- 获得注册信息...
[2014-05-08 19:02:12,987]  10 -- INFO  -- Grab.Glogger [_ThreadFun] -- 检查更新...
[2014-05-08 19:02:16,268]  10 -- INFO  -- Grab.Glogger [_ThreadFun] -- 检查错误日志...
[2014-05-08 19:02:16,269]  10 -- INFO  -- Grab.Glogger [_ThreadFun] -- 获得注册信息...
[2014-05-08 19:02:25,337]  10 -- INFO  -- Grab.Glogger [_ThreadFun] -- 检查更新...
[2014-05-08 19:02:27,737]  10 -- INFO  -- Grab.Glogger [_ThreadFun] -- 检查错误日志...
[2014-05-08 19:02:27,739]  10 -- INFO  -- Grab.Glogger [_ThreadFun] -- 获得注册信息...
[2014-05-08 19:05:02,944]  10 -- INFO  -- Grab.Glogger [_ThreadFun] -- 检查更新...
[2014-05-08 19:05:05,419]  10 -- INFO  -- Grab.Glogger [_ThreadFun] -- 检查错误日志...
[2014-05-08 19:05:05,420]  10 -- INFO  -- Grab.Glogger [_ThreadFun] -- 获得注册信息...
[2014-05-08 19:08:59,566]  11 -- INFO  -- Grab.Glogger [_ThreadFun] -- 检查更新...
[2014-05-08 19:09:02,938]  11 -- INFO  -- Grab.Glogger [_ThreadFun] -- 检查错误日志...
[2014-05-08 19:09:02,939]  11 -- INFO  -- Grab.Glogger [_ThreadFun] -- 获得注册信息...
[2014-05-08 19:25:00,968]  10 -- INFO  -- Grab.Glogger [_ThreadFun] -- 检查更新...
[2014-05-08 19:25:04,011]  10 -- INFO  -- Grab.Glogger [_ThreadFun] -- 检查错误日志...
[2014-05-08 19:25:04,012]  10 -- INFO  -- Grab.Glogger [_ThreadFun] -- 获得注册信息...
[2014-05-08 19:28:50,215]  10 -- INFO  -- Grab.Glogger [_ThreadFun] -- 检查更新...
[2014-05-08 19:28:52,797]  10 -- INFO  -- Grab.Glogger [_ThreadFun] -- 检查错误日志...
[2014-05-08 19:28:52,798]  10 -- INFO  -- Grab.Glogger [_ThreadFun] -- 获得注册信息...
[2014-05-08 19:31:40,758]  10 -- INFO  -- Grab.Glogger [_ThreadFun] -- 检查更新...
[2014-05-08 19:31:44,325]  10 -- INFO  -- Grab.Glogger [_ThreadFun] -- 检查错误日志...
[2014-05-08 19:31:44,326]  10 -- INFO  -- Grab.Glogger [_ThreadFun] -- 获得注册信息...
[2014-05-09 11:24:58,020]  10 -- INFO  -- Grab.Glogger [_ThreadFun] -- 检查更新...
[2014-05-09 11:25:16,822]  10 -- INFO  -- Grab.Glogger [_ThreadFun] -- 检查错误日志...
[2014-05-09 11:25:16,823]  10 -- INFO  -- Grab.Glogger [_ThreadFun] -- 获得注册信息...
[2014-05-09 11:27:08,803]  10 -- INFO  -- Grab.Glogger [_ThreadFun] -- 检查更新...
[2014-05-09 11:27:11,382]  10 -- INFO  -- Grab.Glogger [_ThreadFun] -- 检查错误日志...
[2014-05-09 11:27:11,383]  10 -- INFO  -- Grab.Glogger [_ThreadFun] -- 获得注册信息...
[2014-05-09 11:28:53,167]  10 -- INFO  -- Grab.Glogger [_ThreadFun] -- 检查更新...
[2014-05-09 11:28:55,699]  10 -- INFO  -- Grab.Glogger [_ThreadFun] -- 检查错误日志...
[2014-05-09 11:28:55,700]  10 -- INFO  -- Grab.Glogger [_ThreadFun] -- 获得注册信息...
[2014-05-09 12:57:16,393]  11 -- INFO  -- Grab.Glogger [_ThreadFun] -- 检查更新...
[2014-05-09 12:57:32,355]  11 -- INFO  -- Grab.Glogger [_ThreadFun] -- 检查错误日志...
[2014-05-09 12:57:32,356]  11 -- INFO  -- Grab.Glogger [_ThreadFun] -- 获得注册信息...
[2014-05-09 13:13:05,535]  9 -- INFO  -- Grab.Glogger [_ThreadFun] -- 检查更新...
[2014-05-09 13:13:07,904]  9 -- INFO  -- Grab.Glogger [_ThreadFun] -- 检查错误日志...
[2014-05-09 13:13:07,904]  9 -- INFO  -- Grab.Glogger [_ThreadFun] -- 获得注册信息...
[2014-05-09 13:17:07,139]  10 -- INFO  -- Grab.Glogger [_ThreadFun] -- 检查更新...
[2014-05-09 13:17:09,588]  10 -- INFO  -- Grab.Glogger [_ThreadFun] -- 检查错误日志...
[2014-05-09 13:17:09,589]  10 -- INFO  -- Grab.Glogger [_ThreadFun] -- 获得注册信息...
[2014-05-09 13:19:28,797]  10 -- INFO  -- Grab.Glogger [_ThreadFun] -- 检查更新...
[2014-05-09 13:19:31,243]  10 -- INFO  -- Grab.Glogger [_ThreadFun] -- 检查错误日志...
[2014-05-09 13:19:31,244]  10 -- INFO  -- Grab.Glogger [_ThreadFun] -- 获得注册信息...
[2014-05-09 13:20:12,884]  10 -- INFO  -- Grab.Glogger [_ThreadFun] -- 检查更新...
[2014-05-09 13:20:15,219]  10 -- INFO  -- Grab.Glogger [_ThreadFun] -- 检查错误日志...
[2014-05-09 13:20:15,220]  10 -- INFO  -- Grab.Glogger [_ThreadFun] -- 获得注册信息...
[2014-05-09 13:37:33,060]  11 -- INFO  -- Grab.Glogger [_ThreadFun] -- 检查更新...
[2014-05-09 13:37:35,568]  11 -- INFO  -- Grab.Glogger [_ThreadFun] -- 检查错误日志...
[2014-05-09 13:37:35,569]  11 -- INFO  -- Grab.Glogger [_ThreadFun] -- 获得注册信息...
[2014-05-09 13:39:17,028]  10 -- INFO  -- Grab.Glogger [_ThreadFun] -- 检查更新...
[2014-05-09 13:39:19,483]  10 -- INFO  -- Grab.Glogger [_ThreadFun] -- 检查错误日志...
[2014-05-09 13:39:19,484]  10 -- INFO  -- Grab.Glogger [_ThreadFun] -- 获得注册信息...
[2014-05-09 13:40:28,644]  10 -- INFO  -- Grab.Glogger [_ThreadFun] -- 检查更新...
[2014-05-09 13:40:31,117]  10 -- INFO  -- Grab.Glogger [_ThreadFun] -- 检查错误日志...
[2014-05-09 13:40:31,118]  10 -- INFO  -- Grab.Glogger [_ThreadFun] -- 获得注册信息...
[2014-05-09 13:41:23,944]  10 -- INFO  -- Grab.Glogger [_ThreadFun] -- 检查更新...
[2014-05-09 13:41:26,316]  10 -- INFO  -- Grab.Glogger [_ThreadFun] -- 检查错误日志...
[2014-05-09 13:41:26,318]  10 -- INFO  -- Grab.Glogger [_ThreadFun] -- 获得注册信息...
[2014-05-09 13:45:18,582]  11 -- INFO  -- Grab.Glogger [_ThreadFun] -- 检查更新...
[2014-05-09 13:45:21,989]  11 -- INFO  -- Grab.Glogger [_ThreadFun] -- 检查错误日志...
[2014-05-09 13:45:21,990]  11 -- INFO  -- Grab.Glogger [_ThreadFun] -- 获得注册信息...
[2014-05-09 13:48:38,966]  11 -- INFO  -- Grab.Glogger [_ThreadFun] -- 检查更新...
[2014-05-09 13:48:41,483]  11 -- INFO  -- Grab.Glogger [_ThreadFun] -- 检查错误日志...
[2014-05-09 13:48:41,484]  11 -- INFO  -- Grab.Glogger [_ThreadFun] -- 获得注册信息...
[2014-05-09 13:50:18,203]  10 -- INFO  -- Grab.Glogger [_ThreadFun] -- 检查更新...
[2014-05-09 13:50:20,777]  10 -- INFO  -- Grab.Glogger [_ThreadFun] -- 检查错误日志...
[2014-05-09 13:50:20,779]  10 -- INFO  -- Grab.Glogger [_ThreadFun] -- 获得注册信息...
[2014-05-09 13:51:17,707]  10 -- INFO  -- Grab.Glogger [_ThreadFun] -- 检查更新...
[2014-05-09 13:51:20,102]  10 -- INFO  -- Grab.Glogger [_ThreadFun] -- 检查错误日志...
[2014-05-09 13:51:20,103]  10 -- INFO  -- Grab.Glogger [_ThreadFun] -- 获得注册信息...
[2014-05-09 13:56:04,227]  10 -- INFO  -- Grab.Glogger [_ThreadFun] -- 检查更新...
[2014-05-09 13:56:06,672]  10 -- INFO  -- Grab.Glogger [_ThreadFun] -- 检查错误日志...
[2014-05-09 13:56:06,673]  10 -- INFO  -- Grab.Glogger [_ThreadFun] -- 获得注册信息...
[2014-05-09 13:57:29,302]  11 -- INFO  -- Grab.Glogger [_ThreadFun] -- 检查更新...
[2014-05-09 13:57:31,759]  11 -- INFO  -- Grab.Glogger [_ThreadFun] -- 检查错误日志...
[2014-05-09 13:57:31,764]  11 -- INFO  -- Grab.Glogger [_ThreadFun] -- 获得注册信息...
[2014-05-09 15:05:14,099]  11 -- INFO  -- Grab.Glogger [_ThreadFun] -- 检查更新...
[2014-05-09 15:05:17,474]  11 -- INFO  -- Grab.Glogger [_ThreadFun] -- 检查错误日志...
[2014-05-09 15:05:17,475]  11 -- INFO  -- Grab.Glogger [_ThreadFun] -- 获得注册信息...
[2014-05-09 15:07:51,408]  11 -- INFO  -- Grab.Glogger [_ThreadFun] -- 检查更新...
[2014-05-09 15:07:53,886]  11 -- INFO  -- Grab.Glogger [_ThreadFun] -- 检查错误日志...
[2014-05-09 15:07:53,887]  11 -- INFO  -- Grab.Glogger [_ThreadFun] -- 获得注册信息...
[2014-05-09 15:38:24,549]  11 -- INFO  -- Grab.Glogger [_ThreadFun] -- 检查更新...
[2014-05-09 15:38:27,062]  11 -- INFO  -- Grab.Glogger [_ThreadFun] -- 检查错误日志...
[2014-05-09 15:38:27,063]  11 -- INFO  -- Grab.Glogger [_ThreadFun] -- 获得注册信息...
[2014-05-09 15:41:34,784]  11 -- INFO  -- Grab.Glogger [_ThreadFun] -- 检查更新...
[2014-05-09 15:41:38,168]  11 -- INFO  -- Grab.Glogger [_ThreadFun] -- 检查错误日志...
[2014-05-09 15:41:38,169]  11 -- INFO  -- Grab.Glogger [_ThreadFun] -- 获得注册信息...
[2014-05-09 15:43:49,100]  10 -- INFO  -- Grab.Glogger [_ThreadFun] -- 检查更新...
[2014-05-09 15:43:51,575]  10 -- INFO  -- Grab.Glogger [_ThreadFun] -- 检查错误日志...
[2014-05-09 15:43:51,576]  10 -- INFO  -- Grab.Glogger [_ThreadFun] -- 获得注册信息...
[2014-05-09 15:45:37,874]  10 -- INFO  -- Grab.Glogger [_ThreadFun] -- 检查更新...
[2014-05-09 15:45:40,325]  10 -- INFO  -- Grab.Glogger [_ThreadFun] -- 检查错误日志...
[2014-05-09 15:45:40,326]  10 -- INFO  -- Grab.Glogger [_ThreadFun] -- 获得注册信息...
[2014-05-09 15:48:26,811]  10 -- INFO  -- Grab.Glogger [_ThreadFun] -- 检查更新...
[2014-05-09 15:48:29,260]  10 -- INFO  -- Grab.Glogger [_ThreadFun] -- 检查错误日志...
[2014-05-09 15:48:29,261]  10 -- INFO  -- Grab.Glogger [_ThreadFun] -- 获得注册信息...
[2014-05-09 15:56:44,531]  11 -- INFO  -- Grab.Glogger [_ThreadFun] -- 检查更新...
[2014-05-09 15:56:48,013]  11 -- ERROR -- Grab.Glogger [_ThreadFun] -- 启动程序失败
System.ArgumentException: Stream was not readable.
   at System.IO.StreamReader..ctor(Stream stream, Encoding encoding, Boolean detectEncodingFromByteOrderMarks, Int32 bufferSize)
   at System.IO.StreamReader..ctor(Stream stream, Encoding encoding)
   at Common.NetworkHelper.HttpRequest(String url, String method, Byte[] data, Encoding encoding) in C:\windows_projects\windows\GrabProject\Common\NetworkHelper.cs:line 88
   at Common.GrabConfig.getRemoteConfig() in C:\windows_projects\windows\GrabProject\Common\GrabConfig.cs:line 29
   at Grab.BackgroudThread._ThreadFun() in C:\windows_projects\windows\GrabProject\Grab\BackgroudThread.cs:line 40
[2014-05-09 15:56:48,013]  11 -- ERROR -- Grab.Glogger [_ThreadFun] -- System.ArgumentException: Stream was not readable.
[2014-05-09 15:56:48,014]  11 -- ERROR -- Grab.Glogger [_ThreadFun] --    at System.IO.StreamReader..ctor(Stream stream, Encoding encoding, Boolean detectEncodingFromByteOrderMarks, Int32 bufferSize)
[2014-05-09 15:56:48,014]  11 -- ERROR -- Grab.Glogger [_ThreadFun] --    at System.IO.StreamReader..ctor(Stream stream, Encoding encoding)
[2014-05-09 15:56:48,014]  11 -- ERROR -- Grab.Glogger [_ThreadFun] --    at Common.NetworkHelper.HttpRequest(String url, String method, Byte[] data, Encoding encoding) in C:\windows_projects\windows\GrabProject\Common\NetworkHelper.cs:line 88
[2014-05-09 15:56:48,014]  11 -- ERROR -- Grab.Glogger [_ThreadFun] --    at Common.GrabConfig.getRemoteConfig() in C:\windows_projects\windows\GrabProject\Common\GrabConfig.cs:line 29
[2014-05-09 15:56:48,014]  11 -- ERROR -- Grab.Glogger [_ThreadFun] --    at Grab.BackgroudThread._ThreadFun() in C:\windows_projects\windows\GrabProject\Grab\BackgroudThread.cs:line 40
[2014-05-09 15:57:10,603]  10 -- INFO  -- Grab.Glogger [_ThreadFun] -- 检查更新...
[2014-05-09 15:57:12,982]  10 -- ERROR -- Grab.Glogger [_ThreadFun] -- 启动程序失败
System.ArgumentException: Stream was not readable.
   at System.IO.StreamReader..ctor(Stream stream, Encoding encoding, Boolean detectEncodingFromByteOrderMarks, Int32 bufferSize)
   at System.IO.StreamReader..ctor(Stream stream, Encoding encoding)
   at Common.NetworkHelper.HttpRequest(String url, String method, Byte[] data, Encoding encoding) in C:\windows_projects\windows\GrabProject\Common\NetworkHelper.cs:line 88
   at Common.GrabConfig.getRemoteConfig() in C:\windows_projects\windows\GrabProject\Common\GrabConfig.cs:line 29
   at Grab.BackgroudThread._ThreadFun() in C:\windows_projects\windows\GrabProject\Grab\BackgroudThread.cs:line 40
[2014-05-09 15:57:12,983]  10 -- ERROR -- Grab.Glogger [_ThreadFun] -- System.ArgumentException: Stream was not readable.
[2014-05-09 15:57:12,984]  10 -- ERROR -- Grab.Glogger [_ThreadFun] --    at System.IO.StreamReader..ctor(Stream stream, Encoding encoding, Boolean detectEncodingFromByteOrderMarks, Int32 bufferSize)
[2014-05-09 15:57:12,984]  10 -- ERROR -- Grab.Glogger [_ThreadFun] --    at System.IO.StreamReader..ctor(Stream stream, Encoding encoding)
[2014-05-09 15:57:12,984]  10 -- ERROR -- Grab.Glogger [_ThreadFun] --    at Common.NetworkHelper.HttpRequest(String url, String method, Byte[] data, Encoding encoding) in C:\windows_projects\windows\GrabProject\Common\NetworkHelper.cs:line 88
[2014-05-09 15:57:12,984]  10 -- ERROR -- Grab.Glogger [_ThreadFun] --    at Common.GrabConfig.getRemoteConfig() in C:\windows_projects\windows\GrabProject\Common\GrabConfig.cs:line 29
[2014-05-09 15:57:12,984]  10 -- ERROR -- Grab.Glogger [_ThreadFun] --    at Grab.BackgroudThread._ThreadFun() in C:\windows_projects\windows\GrabProject\Grab\BackgroudThread.cs:line 40
[2014-05-09 15:58:33,214]  10 -- INFO  -- Grab.Glogger [_ThreadFun] -- 检查更新...
[2014-05-09 15:58:55,854]  10 -- INFO  -- Grab.Glogger [_ThreadFun] -- 检查更新...
[2014-05-09 15:59:06,216]  10 -- ERROR -- Grab.Glogger [_ThreadFun] -- 启动程序失败
System.ArgumentException: Stream was not readable.
   at System.IO.StreamReader..ctor(Stream stream, Encoding encoding, Boolean detectEncodingFromByteOrderMarks, Int32 bufferSize)
   at System.IO.StreamReader..ctor(Stream stream, Encoding encoding)
   at Common.NetworkHelper.HttpRequest(String url, String method, Byte[] data, Encoding encoding) in C:\windows_projects\windows\GrabProject\Common\NetworkHelper.cs:line 88
   at Common.GrabConfig.getRemoteConfig() in C:\windows_projects\windows\GrabProject\Common\GrabConfig.cs:line 29
   at Grab.BackgroudThread._ThreadFun() in C:\windows_projects\windows\GrabProject\Grab\BackgroudThread.cs:line 40
[2014-05-09 15:59:29,313]  10 -- ERROR -- Grab.Glogger [_ThreadFun] -- System.ArgumentException: Stream was not readable.
[2014-05-09 15:59:29,313]  10 -- ERROR -- Grab.Glogger [_ThreadFun] --    at System.IO.StreamReader..ctor(Stream stream, Encoding encoding, Boolean detectEncodingFromByteOrderMarks, Int32 bufferSize)
[2014-05-09 15:59:29,314]  10 -- ERROR -- Grab.Glogger [_ThreadFun] --    at System.IO.StreamReader..ctor(Stream stream, Encoding encoding)
[2014-05-09 15:59:29,314]  10 -- ERROR -- Grab.Glogger [_ThreadFun] --    at Common.NetworkHelper.HttpRequest(String url, String method, Byte[] data, Encoding encoding) in C:\windows_projects\windows\GrabProject\Common\NetworkHelper.cs:line 88
[2014-05-09 15:59:29,314]  10 -- ERROR -- Grab.Glogger [_ThreadFun] --    at Common.GrabConfig.getRemoteConfig() in C:\windows_projects\windows\GrabProject\Common\GrabConfig.cs:line 29
[2014-05-09 15:59:29,314]  10 -- ERROR -- Grab.Glogger [_ThreadFun] --    at Grab.BackgroudThread._ThreadFun() in C:\windows_projects\windows\GrabProject\Grab\BackgroudThread.cs:line 40
[2014-05-09 15:59:36,777]  10 -- INFO  -- Grab.Glogger [_ThreadFun] -- 检查更新...
[2014-05-09 16:03:38,268]  10 -- INFO  -- Grab.Glogger [_ThreadFun] -- 检查更新...
[2014-05-09 16:03:40,856]  10 -- ERROR -- Grab.Glogger [_ThreadFun] -- 启动程序失败
System.NotSupportedException: This stream does not support seek operations.
   at System.Net.ConnectStream.get_Length()
   at Common.NetworkHelper.HttpRequestRaw(String url, String method, Byte[] data) in C:\windows_projects\windows\GrabProject\Common\NetworkHelper.cs:line 78
   at Common.NetworkHelper.HttpRequest(String url, String method, Byte[] data, Encoding encoding) in C:\windows_projects\windows\GrabProject\Common\NetworkHelper.cs:line 89
   at Common.GrabConfig.getRemoteConfig() in C:\windows_projects\windows\GrabProject\Common\GrabConfig.cs:line 29
   at Grab.BackgroudThread._ThreadFun() in C:\windows_projects\windows\GrabProject\Grab\BackgroudThread.cs:line 40
[2014-05-09 16:03:40,856]  10 -- ERROR -- Grab.Glogger [_ThreadFun] -- System.NotSupportedException: This stream does not support seek operations.
[2014-05-09 16:03:40,856]  10 -- ERROR -- Grab.Glogger [_ThreadFun] --    at System.Net.ConnectStream.get_Length()
[2014-05-09 16:03:40,857]  10 -- ERROR -- Grab.Glogger [_ThreadFun] --    at Common.NetworkHelper.HttpRequestRaw(String url, String method, Byte[] data) in C:\windows_projects\windows\GrabProject\Common\NetworkHelper.cs:line 78
[2014-05-09 16:03:40,857]  10 -- ERROR -- Grab.Glogger [_ThreadFun] --    at Common.NetworkHelper.HttpRequest(String url, String method, Byte[] data, Encoding encoding) in C:\windows_projects\windows\GrabProject\Common\NetworkHelper.cs:line 89
[2014-05-09 16:03:40,857]  10 -- ERROR -- Grab.Glogger [_ThreadFun] --    at Common.GrabConfig.getRemoteConfig() in C:\windows_projects\windows\GrabProject\Common\GrabConfig.cs:line 29
[2014-05-09 16:03:40,857]  10 -- ERROR -- Grab.Glogger [_ThreadFun] --    at Grab.BackgroudThread._ThreadFun() in C:\windows_projects\windows\GrabProject\Grab\BackgroudThread.cs:line 40
[2014-05-09 16:03:51,178]  10 -- INFO  -- Grab.Glogger [_ThreadFun] -- 检查更新...
[2014-05-09 16:04:32,123]  10 -- INFO  -- Grab.Glogger [_ThreadFun] -- 检查更新...
[2014-05-09 16:04:59,070]  10 -- INFO  -- Grab.Glogger [_ThreadFun] -- 检查更新...
[2014-05-09 16:10:16,405]  11 -- INFO  -- Grab.Glogger [_ThreadFun] -- 检查更新...
[2014-05-09 16:10:43,969]  11 -- INFO  -- Grab.Glogger [_ThreadFun] -- 检查错误日志...
[2014-05-09 16:10:43,970]  11 -- INFO  -- Grab.Glogger [_ThreadFun] -- 获得注册信息...
[2014-05-09 16:18:24,366]  10 -- INFO  -- Grab.Glogger [_ThreadFun] -- 检查更新...
[2014-05-09 16:18:26,862]  10 -- INFO  -- Grab.Glogger [_ThreadFun] -- 检查错误日志...
[2014-05-09 16:18:26,863]  10 -- INFO  -- Grab.Glogger [_ThreadFun] -- 获得注册信息...
[2014-05-09 16:43:50,731]  10 -- INFO  -- Grab.Glogger [_ThreadFun] -- 检查更新...
[2014-05-09 16:43:54,126]  10 -- INFO  -- Grab.Glogger [_ThreadFun] -- 检查错误日志...
[2014-05-09 16:43:54,127]  10 -- INFO  -- Grab.Glogger [_ThreadFun] -- 获得注册信息...
[2014-05-09 16:48:57,330]  11 -- INFO  -- Grab.Glogger [_ThreadFun] -- 检查更新...
[2014-05-09 16:49:00,722]  11 -- INFO  -- Grab.Glogger [_ThreadFun] -- 检查错误日志...
[2014-05-09 16:49:00,723]  11 -- INFO  -- Grab.Glogger [_ThreadFun] -- 获得注册信息...
[2014-05-09 16:51:10,338]  11 -- INFO  -- Grab.Glogger [_ThreadFun] -- 检查更新...
[2014-05-09 16:51:12,813]  11 -- INFO  -- Grab.Glogger [_ThreadFun] -- 检查错误日志...
[2014-05-09 16:51:12,814]  11 -- INFO  -- Grab.Glogger [_ThreadFun] -- 获得注册信息...
[2014-05-09 16:57:56,553]  11 -- INFO  -- Grab.Glogger [_ThreadFun] -- 检查更新...
[2014-05-09 16:57:59,017]  11 -- INFO  -- Grab.Glogger [_ThreadFun] -- 检查错误日志...
[2014-05-09 16:57:59,018]  11 -- INFO  -- Grab.Glogger [_ThreadFun] -- 获得注册信息...
[2014-05-09 17:02:26,085]  10 -- INFO  -- Grab.Glogger [_ThreadFun] -- 检查更新...
[2014-05-09 17:02:28,540]  10 -- INFO  -- Grab.Glogger [_ThreadFun] -- 检查错误日志...
[2014-05-09 17:02:28,541]  10 -- INFO  -- Grab.Glogger [_ThreadFun] -- 获得注册信息...
[2014-05-09 17:04:50,364]  10 -- INFO  -- Grab.Glogger [_ThreadFun] -- 检查更新...
[2014-05-09 17:04:53,731]  10 -- INFO  -- Grab.Glogger [_ThreadFun] -- 检查错误日志...
[2014-05-09 17:04:53,732]  10 -- INFO  -- Grab.Glogger [_ThreadFun] -- 获得注册信息...
[2014-05-09 17:07:31,811]  10 -- INFO  -- Grab.Glogger [_ThreadFun] -- 检查更新...
[2014-05-09 17:07:34,300]  10 -- INFO  -- Grab.Glogger [_ThreadFun] -- 检查错误日志...
[2014-05-09 17:07:34,301]  10 -- INFO  -- Grab.Glogger [_ThreadFun] -- 获得注册信息...
[2014-05-09 17:10:15,653]  11 -- INFO  -- Grab.Glogger [_ThreadFun] -- 检查更新...
[2014-05-09 17:10:18,158]  11 -- INFO  -- Grab.Glogger [_ThreadFun] -- 检查错误日志...
[2014-05-09 17:10:18,160]  11 -- INFO  -- Grab.Glogger [_ThreadFun] -- 获得注册信息...
[2014-05-09 17:17:43,460]  10 -- INFO  -- Grab.Glogger [_ThreadFun] -- 检查更新...
[2014-05-09 17:17:45,964]  10 -- INFO  -- Grab.Glogger [_ThreadFun] -- 检查错误日志...
[2014-05-09 17:17:45,965]  10 -- INFO  -- Grab.Glogger [_ThreadFun] -- 获得注册信息...
[2014-05-09 17:18:04,637]  10 -- INFO  -- Grab.Glogger [_ThreadFun] -- 检查更新...
[2014-05-09 17:18:06,987]  10 -- INFO  -- Grab.Glogger [_ThreadFun] -- 检查错误日志...
[2014-05-09 17:18:06,988]  10 -- INFO  -- Grab.Glogger [_ThreadFun] -- 获得注册信息...
[2014-05-09 17:20:43,265]  11 -- INFO  -- Grab.Glogger [_ThreadFun] -- 检查更新...
[2014-05-09 17:20:46,654]  11 -- INFO  -- Grab.Glogger [_ThreadFun] -- 检查错误日志...
[2014-05-09 17:20:46,655]  11 -- INFO  -- Grab.Glogger [_ThreadFun] -- 获得注册信息...
[2014-05-09 17:21:39,429]  10 -- INFO  -- Grab.Glogger [_ThreadFun] -- 检查更新...
[2014-05-09 17:21:41,793]  10 -- INFO  -- Grab.Glogger [_ThreadFun] -- 检查错误日志...
[2014-05-09 17:21:41,794]  10 -- INFO  -- Grab.Glogger [_ThreadFun] -- 获得注册信息...
[2014-05-09 17:24:06,408]  10 -- INFO  -- Grab.Glogger [_ThreadFun] -- 检查更新...
[2014-05-09 17:24:08,881]  10 -- INFO  -- Grab.Glogger [_ThreadFun] -- 检查错误日志...
[2014-05-09 17:24:08,882]  10 -- INFO  -- Grab.Glogger [_ThreadFun] -- 获得注册信息...
[2014-05-09 17:25:44,322]  11 -- INFO  -- Grab.Glogger [_ThreadFun] -- 检查更新...
[2014-05-09 17:25:46,772]  11 -- INFO  -- Grab.Glogger [_ThreadFun] -- 检查错误日志...
[2014-05-09 17:25:46,773]  11 -- INFO  -- Grab.Glogger [_ThreadFun] -- 获得注册信息...
[2014-05-09 17:55:51,516]  10 -- INFO  -- Grab.Glogger [_ThreadFun] -- 检查更新...
[2014-05-09 17:55:54,857]  10 -- INFO  -- Grab.Glogger [_ThreadFun] -- 检查错误日志...
[2014-05-09 17:55:54,858]  10 -- INFO  -- Grab.Glogger [_ThreadFun] -- 获得注册信息...
[2014-05-09 18:02:56,667]  11 -- INFO  -- Grab.Glogger [_ThreadFun] -- 检查更新...
[2014-05-09 18:02:59,127]  11 -- INFO  -- Grab.Glogger [_ThreadFun] -- 检查错误日志...
[2014-05-09 18:02:59,129]  11 -- INFO  -- Grab.Glogger [_ThreadFun] -- 获得注册信息...
[2014-05-10 10:31:02,708]  11 -- INFO  -- Grab.Glogger [_ThreadFun] -- 检查更新...
[2014-05-10 10:31:08,283]  11 -- INFO  -- Grab.Glogger [_ThreadFun] -- 检查错误日志...
[2014-05-10 10:31:08,585]  11 -- INFO  -- Grab.Glogger [_ThreadFun] -- 获得注册信息...
[2014-05-10 10:35:18,843]  11 -- INFO  -- Grab.Glogger [_ThreadFun] -- 检查更新...
[2014-05-10 10:35:21,345]  11 -- INFO  -- Grab.Glogger [_ThreadFun] -- 检查错误日志...
[2014-05-10 10:35:21,346]  11 -- INFO  -- Grab.Glogger [_ThreadFun] -- 获得注册信息...
[2014-05-10 10:39:11,894]  10 -- INFO  -- Grab.Glogger [_ThreadFun] -- 检查更新...
[2014-05-10 10:39:14,354]  10 -- INFO  -- Grab.Glogger [_ThreadFun] -- 检查错误日志...
[2014-05-10 10:39:14,355]  10 -- INFO  -- Grab.Glogger [_ThreadFun] -- 获得注册信息...
[2014-05-10 10:39:48,995]  10 -- INFO  -- Grab.Glogger [_ThreadFun] -- 检查更新...
[2014-05-10 10:39:51,353]  10 -- INFO  -- Grab.Glogger [_ThreadFun] -- 检查错误日志...
[2014-05-10 10:39:51,354]  10 -- INFO  -- Grab.Glogger [_ThreadFun] -- 获得注册信息...
[2014-05-10 10:40:51,461]  11 -- INFO  -- Grab.Glogger [_ThreadFun] -- 检查更新...
[2014-05-10 10:40:53,902]  11 -- INFO  -- Grab.Glogger [_ThreadFun] -- 检查错误日志...
[2014-05-10 10:40:53,903]  11 -- INFO  -- Grab.Glogger [_ThreadFun] -- 获得注册信息...
[2014-05-10 11:40:12,193]  11 -- INFO  -- Grab.Glogger [_ThreadFun] -- 检查更新...
[2014-05-10 11:40:14,699]  11 -- INFO  -- Grab.Glogger [_ThreadFun] -- 检查错误日志...
[2014-05-10 11:40:14,700]  11 -- INFO  -- Grab.Glogger [_ThreadFun] -- 获得注册信息...
[2014-05-10 11:46:16,353]  11 -- INFO  -- Grab.Glogger [_ThreadFun] -- 检查更新...
[2014-05-10 11:46:18,810]  11 -- INFO  -- Grab.Glogger [_ThreadFun] -- 检查错误日志...
[2014-05-10 11:46:18,811]  11 -- INFO  -- Grab.Glogger [_ThreadFun] -- 获得注册信息...
[2014-05-10 11:50:17,618]  10 -- INFO  -- Grab.Glogger [_ThreadFun] -- 检查更新...
[2014-05-10 11:50:21,027]  10 -- INFO  -- Grab.Glogger [_ThreadFun] -- 检查错误日志...
[2014-05-10 11:50:21,028]  10 -- INFO  -- Grab.Glogger [_ThreadFun] -- 获得注册信息...
[2014-05-10 13:38:31,419]  10 -- INFO  -- Grab.Glogger [_ThreadFun] -- 检查更新...
[2014-05-10 13:38:38,931]  10 -- ERROR -- Grab.Glogger [_ThreadFun] -- 连接服务器失败, 退出程序.
[2014-05-10 13:46:56,448]  10 -- INFO  -- Grab.Glogger [_ThreadFun] -- 检查更新...
[2014-05-10 13:46:59,853]  10 -- ERROR -- Grab.Glogger [_ThreadFun] -- 连接服务器失败, 退出程序.
[2014-05-10 14:23:05,818]  10 -- INFO  -- Grab.Glogger [_ThreadFun] -- 检查更新...
[2014-05-10 14:23:10,224]  10 -- ERROR -- Grab.Glogger [_ThreadFun] -- 连接服务器失败, 退出程序.
[2014-05-10 14:25:02,295]  10 -- INFO  -- Grab.Glogger [_ThreadFun] -- 检查更新...
[2014-05-10 14:25:05,773]  10 -- ERROR -- Grab.Glogger [_ThreadFun] -- 连接服务器失败, 退出程序.
[2014-05-10 14:26:15,991]  11 -- INFO  -- Grab.Glogger [_ThreadFun] -- 检查更新...
[2014-05-10 14:26:19,500]  11 -- ERROR -- Grab.Glogger [_ThreadFun] -- 连接服务器失败, 退出程序.
[2014-05-10 14:27:41,931]  11 -- INFO  -- Grab.Glogger [_ThreadFun] -- 检查更新...
[2014-05-10 14:27:45,421]  11 -- ERROR -- Grab.Glogger [_ThreadFun] -- 连接服务器失败, 退出程序.
[2014-05-10 14:31:29,995]  10 -- INFO  -- Grab.Glogger [_ThreadFun] -- 检查更新...
[2014-05-10 14:31:33,482]  10 -- ERROR -- Grab.Glogger [_ThreadFun] -- 连接服务器失败, 退出程序.
[2014-05-10 14:37:52,233]  10 -- INFO  -- Grab.Glogger [_ThreadFun] -- 检查更新...
[2014-05-10 14:37:55,696]  10 -- ERROR -- Grab.Glogger [_ThreadFun] -- 连接服务器失败, 退出程序.
[2014-05-10 14:38:47,463]  10 -- INFO  -- Grab.Glogger [_ThreadFun] -- 检查更新...
[2014-05-10 14:38:51,838]  10 -- ERROR -- Grab.Glogger [_ThreadFun] -- 连接服务器失败, 退出程序.
[2014-05-10 14:49:13,021]  10 -- INFO  -- Grab.Glogger [_ThreadFun] -- 检查更新...
[2014-05-10 14:49:16,509]  10 -- ERROR -- Grab.Glogger [_ThreadFun] -- 连接服务器失败, 退出程序.
[2014-05-10 14:49:37,642]  10 -- INFO  -- Grab.Glogger [_ThreadFun] -- 检查更新...
[2014-05-10 14:49:40,995]  10 -- ERROR -- Grab.Glogger [_ThreadFun] -- 连接服务器失败, 退出程序.
[2014-05-10 14:51:43,449]  10 -- INFO  -- Grab.Glogger [_ThreadFun] -- 检查更新...
[2014-05-10 14:51:46,928]  10 -- ERROR -- Grab.Glogger [_ThreadFun] -- 连接服务器失败, 退出程序.
[2014-05-10 14:58:48,564]  11 -- INFO  -- Grab.Glogger [_ThreadFun] -- 检查更新...
[2014-05-10 14:58:52,049]  11 -- ERROR -- Grab.Glogger [_ThreadFun] -- 连接服务器失败, 退出程序.
[2014-05-10 14:59:55,383]  10 -- INFO  -- Grab.Glogger [_ThreadFun] -- 检查更新...
[2014-05-10 14:59:58,855]  10 -- ERROR -- Grab.Glogger [_ThreadFun] -- 连接服务器失败, 退出程序.
[2014-05-10 15:07:07,544]  11 -- INFO  -- Grab.Glogger [_ThreadFun] -- 检查更新...
[2014-05-10 15:07:11,015]  11 -- ERROR -- Grab.Glogger [_ThreadFun] -- 连接服务器失败, 退出程序.
[2014-05-11 10:12:53,424]  11 -- INFO  -- Grab.Glogger [_ThreadFun] -- 检查更新...
[2014-05-11 10:12:56,790]  11 -- ERROR -- Grab.Glogger [_ThreadFun] -- 连接服务器失败, 退出程序.
[2014-05-11 10:16:11,966]  10 -- INFO  -- Grab.Glogger [_ThreadFun] -- 检查更新...
[2014-05-11 10:16:15,425]  10 -- ERROR -- Grab.Glogger [_ThreadFun] -- 连接服务器失败, 退出程序.
[2014-05-11 10:22:24,419]  11 -- INFO  -- Grab.Glogger [_ThreadFun] -- 检查更新...
[2014-05-11 10:22:27,869]  11 -- ERROR -- Grab.Glogger [_ThreadFun] -- 连接服务器失败, 退出程序.
[2014-05-11 10:23:38,905]  11 -- INFO  -- Grab.Glogger [_ThreadFun] -- 检查更新...
[2014-05-11 10:23:42,410]  11 -- ERROR -- Grab.Glogger [_ThreadFun] -- 连接服务器失败, 退出程序.
[2014-05-11 10:27:06,182]  10 -- INFO  -- Grab.Glogger [_ThreadFun] -- 检查更新...
[2014-05-11 10:27:09,559]  10 -- ERROR -- Grab.Glogger [_ThreadFun] -- 连接服务器失败, 退出程序.
[2014-05-11 10:30:21,023]  10 -- INFO  -- Grab.Glogger [_ThreadFun] -- 检查更新...
[2014-05-11 10:30:25,547]  10 -- ERROR -- Grab.Glogger [_ThreadFun] -- 连接服务器失败, 退出程序.
[2014-05-11 10:36:32,984]  10 -- INFO  -- Grab.Glogger [_ThreadFun] -- 检查更新...
[2014-05-11 10:36:36,524]  10 -- ERROR -- Grab.Glogger [_ThreadFun] -- 连接服务器失败, 退出程序.
[2014-05-11 10:37:52,763]  10 -- INFO  -- Grab.Glogger [_ThreadFun] -- 检查更新...
[2014-05-11 10:37:56,214]  10 -- ERROR -- Grab.Glogger [_ThreadFun] -- 连接服务器失败, 退出程序.
[2014-05-11 10:40:07,801]  10 -- INFO  -- Grab.Glogger [_ThreadFun] -- 检查更新...
[2014-05-11 10:40:11,326]  10 -- ERROR -- Grab.Glogger [_ThreadFun] -- 连接服务器失败, 退出程序.
[2014-05-11 10:41:06,097]  11 -- INFO  -- Grab.Glogger [_ThreadFun] -- 检查更新...
[2014-05-11 10:41:09,482]  11 -- ERROR -- Grab.Glogger [_ThreadFun] -- 连接服务器失败, 退出程序.
[2014-05-11 10:43:05,707]  10 -- INFO  -- Grab.Glogger [_ThreadFun] -- 检查更新...
[2014-05-11 10:43:09,169]  10 -- ERROR -- Grab.Glogger [_ThreadFun] -- 连接服务器失败, 退出程序.
[2014-05-11 10:43:58,578]  10 -- INFO  -- Grab.Glogger [_ThreadFun] -- 检查更新...
[2014-05-11 10:44:02,001]  10 -- ERROR -- Grab.Glogger [_ThreadFun] -- 连接服务器失败, 退出程序.
[2014-05-11 10:47:52,286]  10 -- INFO  -- Grab.Glogger [_ThreadFun] -- 检查更新...
[2014-05-11 10:47:55,803]  10 -- ERROR -- Grab.Glogger [_ThreadFun] -- 连接服务器失败, 退出程序.
[2014-05-11 10:49:01,846]  11 -- INFO  -- Grab.Glogger [_ThreadFun] -- 检查更新...
[2014-05-11 10:49:05,357]  11 -- ERROR -- Grab.Glogger [_ThreadFun] -- 连接服务器失败, 退出程序.
[2014-05-11 10:52:23,107]  10 -- INFO  -- Grab.Glogger [_ThreadFun] -- 检查更新...
[2014-05-11 10:52:26,592]  10 -- ERROR -- Grab.Glogger [_ThreadFun] -- 连接服务器失败, 退出程序.
[2014-05-11 11:02:58,276]  9 -- INFO  -- Grab.Glogger [_ThreadFun] -- 检查更新...
[2014-05-11 11:03:02,700]  9 -- ERROR -- Grab.Glogger [_ThreadFun] -- 连接服务器失败, 退出程序.
[2014-05-11 11:08:43,886]  10 -- INFO  -- Grab.Glogger [_ThreadFun] -- 检查更新...
[2014-05-11 11:08:47,353]  10 -- ERROR -- Grab.Glogger [_ThreadFun] -- 连接服务器失败, 退出程序.
[2014-05-11 11:09:16,883]  10 -- INFO  -- Grab.Glogger [_ThreadFun] -- 检查更新...
[2014-05-11 11:09:21,376]  10 -- ERROR -- Grab.Glogger [_ThreadFun] -- 连接服务器失败, 退出程序.
[2014-05-11 11:16:54,309]  10 -- INFO  -- Grab.Glogger [_ThreadFun] -- 检查更新...
[2014-05-11 11:17:03,085]  10 -- ERROR -- Grab.Glogger [_ThreadFun] -- 连接服务器失败, 退出程序.
[2014-05-11 11:18:36,148]  11 -- INFO  -- Grab.Glogger [_ThreadFun] -- 检查更新...
[2014-05-11 11:18:40,510]  11 -- ERROR -- Grab.Glogger [_ThreadFun] -- 连接服务器失败, 退出程序.
[2014-05-11 11:40:14,592]  10 -- INFO  -- Grab.Glogger [_ThreadFun] -- 检查更新...
[2014-05-11 11:40:18,984]  10 -- ERROR -- Grab.Glogger [_ThreadFun] -- 连接服务器失败, 退出程序.
[2014-05-11 11:53:07,538]  10 -- INFO  -- Grab.Glogger [_ThreadFun] -- 检查更新...
[2014-05-11 11:53:13,288]  10 -- ERROR -- Grab.Glogger [_ThreadFun] -- 连接服务器失败, 退出程序.
[2014-05-11 12:47:51,514]  11 -- INFO  -- Grab.Glogger [_ThreadFun] -- 检查更新...
[2014-05-11 12:47:55,876]  11 -- ERROR -- Grab.Glogger [_ThreadFun] -- 连接服务器失败, 退出程序.
[2014-05-11 12:48:17,724]  11 -- INFO  -- Grab.Glogger [_ThreadFun] -- 检查更新...
[2014-05-11 12:48:21,096]  11 -- ERROR -- Grab.Glogger [_ThreadFun] -- 连接服务器失败, 退出程序.
[2014-05-11 13:12:05,701]  11 -- INFO  -- Grab.Glogger [_ThreadFun] -- 检查更新...
[2014-05-11 13:12:10,063]  11 -- ERROR -- Grab.Glogger [_ThreadFun] -- 连接服务器失败, 退出程序.
[2014-05-11 13:15:33,628]  10 -- INFO  -- Grab.Glogger [_ThreadFun] -- 检查更新...
[2014-05-11 13:15:39,806]  10 -- ERROR -- Grab.Glogger [_ThreadFun] -- 连接服务器失败, 退出程序.
[2014-05-11 13:16:06,187]  10 -- INFO  -- Grab.Glogger [_ThreadFun] -- 检查更新...
[2014-05-11 13:16:11,164]  10 -- ERROR -- Grab.Glogger [_ThreadFun] -- 连接服务器失败, 退出程序.
[2014-05-11 13:17:00,220]  10 -- INFO  -- Grab.Glogger [_ThreadFun] -- 检查更新...
[2014-05-11 13:17:37,439]  10 -- ERROR -- Grab.Glogger [_ThreadFun] -- 连接服务器失败, 退出程序.
[2014-05-11 13:18:58,243]  10 -- INFO  -- Grab.Glogger [_ThreadFun] -- 检查更新...
[2014-05-11 13:19:01,738]  10 -- ERROR -- Grab.Glogger [_ThreadFun] -- 连接服务器失败, 退出程序.
[2014-05-11 14:28:20,611]  11 -- INFO  -- Grab.Glogger [_ThreadFun] -- 检查更新...
[2014-05-11 14:28:24,066]  11 -- ERROR -- Grab.Glogger [_ThreadFun] -- 连接服务器失败, 退出程序.
[2014-05-11 14:30:22,809]  10 -- INFO  -- Grab.Glogger [_ThreadFun] -- 检查更新...
[2014-05-11 14:30:26,305]  10 -- ERROR -- Grab.Glogger [_ThreadFun] -- 连接服务器失败, 退出程序.
[2014-05-11 15:39:45,557]  11 -- INFO  -- Grab.Glogger [_ThreadFun] -- 检查更新...
[2014-05-11 15:39:49,115]  11 -- ERROR -- Grab.Glogger [_ThreadFun] -- 连接服务器失败, 退出程序.
[2014-05-11 15:43:26,553]  11 -- INFO  -- Grab.Glogger [_ThreadFun] -- 检查更新...
[2014-05-11 15:43:30,059]  11 -- ERROR -- Grab.Glogger [_ThreadFun] -- 连接服务器失败, 退出程序.
[2014-05-11 15:50:52,992]  10 -- INFO  -- Grab.Glogger [_ThreadFun] -- 检查更新...
[2014-05-11 15:50:57,417]  10 -- ERROR -- Grab.Glogger [_ThreadFun] -- 连接服务器失败, 退出程序.
[2014-05-11 15:52:47,493]  10 -- INFO  -- Grab.Glogger [_ThreadFun] -- 检查更新...
[2014-05-11 15:52:51,027]  10 -- ERROR -- Grab.Glogger [_ThreadFun] -- 连接服务器失败, 退出程序.
[2014-05-11 15:56:02,765]  11 -- INFO  -- Grab.Glogger [_ThreadFun] -- 检查更新...
[2014-05-11 15:56:06,220]  11 -- ERROR -- Grab.Glogger [_ThreadFun] -- 连接服务器失败, 退出程序.
[2014-05-11 15:58:31,184]  10 -- INFO  -- Grab.Glogger [_ThreadFun] -- 检查更新...
[2014-05-11 15:58:34,700]  10 -- ERROR -- Grab.Glogger [_ThreadFun] -- 连接服务器失败, 退出程序.
[2014-05-11 16:00:26,342]  10 -- INFO  -- Grab.Glogger [_ThreadFun] -- 检查更新...
[2014-05-11 16:00:29,860]  10 -- ERROR -- Grab.Glogger [_ThreadFun] -- 连接服务器失败, 退出程序.
[2014-05-11 16:19:28,543]  11 -- INFO  -- Grab.Glogger [_ThreadFun] -- 检查更新...
[2014-05-11 16:19:32,027]  11 -- ERROR -- Grab.Glogger [_ThreadFun] -- 连接服务器失败, 退出程序.
[2014-05-11 16:20:41,601]  11 -- INFO  -- Grab.Glogger [_ThreadFun] -- 检查更新...
[2014-05-11 16:20:45,087]  11 -- ERROR -- Grab.Glogger [_ThreadFun] -- 连接服务器失败, 退出程序.
[2014-05-11 16:31:11,694]  11 -- INFO  -- Grab.Glogger [_ThreadFun] -- 检查更新...
[2014-05-11 16:31:16,045]  11 -- ERROR -- Grab.Glogger [_ThreadFun] -- 连接服务器失败, 退出程序.
[2014-05-11 16:32:11,216]  10 -- INFO  -- Grab.Glogger [_ThreadFun] -- 检查更新...
[2014-05-11 16:32:14,600]  10 -- ERROR -- Grab.Glogger [_ThreadFun] -- 连接服务器失败, 退出程序.
[2014-05-11 16:34:15,219]  11 -- INFO  -- Grab.Glogger [_ThreadFun] -- 检查更新...
[2014-05-11 16:34:18,709]  11 -- ERROR -- Grab.Glogger [_ThreadFun] -- 连接服务器失败, 退出程序.
[2014-05-11 16:38:28,131]  10 -- INFO  -- Grab.Glogger [_ThreadFun] -- 检查更新...
[2014-05-11 16:38:32,518]  10 -- ERROR -- Grab.Glogger [_ThreadFun] -- 连接服务器失败, 退出程序.
[2014-05-11 16:49:23,899]  10 -- INFO  -- Grab.Glogger [_ThreadFun] -- 检查更新...
[2014-05-11 16:49:27,419]  10 -- ERROR -- Grab.Glogger [_ThreadFun] -- 连接服务器失败, 退出程序.
[2014-05-11 16:51:46,782]  11 -- INFO  -- Grab.Glogger [_ThreadFun] -- 检查更新...
[2014-05-11 16:52:31,357]  11 -- ERROR -- Grab.Glogger [_ThreadFun] -- 连接服务器失败, 退出程序.
[2014-05-11 16:52:48,256]  11 -- INFO  -- Grab.Glogger [_ThreadFun] -- 检查更新...
[2014-05-11 16:55:05,618]  11 -- ERROR -- Grab.Glogger [_ThreadFun] -- 连接服务器失败, 退出程序.
[2014-05-11 16:56:43,375]  11 -- INFO  -- Grab.Glogger [_ThreadFun] -- 检查更新...
[2014-05-11 16:57:02,312]  10 -- INFO  -- Grab.Glogger [_ThreadFun] -- 检查更新...
[2014-05-11 17:02:34,989]  10 -- INFO  -- Grab.Glogger [_ThreadFun] -- 检查更新...
[2014-05-11 17:06:21,841]  11 -- INFO  -- Grab.Glogger [_ThreadFun] -- 检查更新...
[2014-05-11 17:07:04,035]  10 -- INFO  -- Grab.Glogger [_ThreadFun] -- 检查更新...
[2014-05-11 17:08:27,679]  10 -- INFO  -- Grab.Glogger [_ThreadFun] -- 检查更新...
[2014-05-11 17:21:30,743]  10 -- INFO  -- Grab.Glogger [_ThreadFun] -- 检查更新...
[2014-05-11 17:21:35,126]  10 -- ERROR -- Grab.Glogger [_ThreadFun] -- 连接服务器失败, 退出程序.
[2014-05-11 17:24:38,585]  10 -- INFO  -- Grab.Glogger [_ThreadFun] -- 检查更新...
[2014-05-11 17:24:42,063]  10 -- ERROR -- Grab.Glogger [_ThreadFun] -- 连接服务器失败, 退出程序.
[2014-05-11 17:26:38,932]  12 -- INFO  -- Grab.Glogger [_ThreadFun] -- 检查更新...
[2014-05-11 17:26:42,390]  12 -- ERROR -- Grab.Glogger [_ThreadFun] -- 连接服务器失败, 退出程序.
[2014-05-11 17:26:53,548]  10 -- INFO  -- Grab.Glogger [_ThreadFun] -- 检查更新...
[2014-05-11 17:26:56,917]  10 -- ERROR -- Grab.Glogger [_ThreadFun] -- 连接服务器失败, 退出程序.
[2014-05-11 17:31:28,280]  11 -- INFO  -- Grab.Glogger [_ThreadFun] -- 检查更新...
[2014-05-11 17:31:31,785]  11 -- ERROR -- Grab.Glogger [_ThreadFun] -- 连接服务器失败, 退出程序.
[2014-05-11 17:51:59,350]  10 -- INFO  -- Grab.Glogger [_ThreadFun] -- 检查更新...
[2014-05-11 17:52:03,712]  10 -- ERROR -- Grab.Glogger [_ThreadFun] -- 连接服务器失败, 退出程序.
[2014-05-11 17:53:30,304]  10 -- INFO  -- Grab.Glogger [_ThreadFun] -- 检查更新...
[2014-05-11 17:53:33,766]  10 -- ERROR -- Grab.Glogger [_ThreadFun] -- 连接服务器失败, 退出程序.
[2014-05-11 17:59:19,707]  10 -- INFO  -- Grab.Glogger [_ThreadFun] -- 检查更新...
[2014-05-11 17:59:23,187]  10 -- ERROR -- Grab.Glogger [_ThreadFun] -- 连接服务器失败, 退出程序.
[2014-05-11 18:00:49,737]  10 -- INFO  -- Grab.Glogger [_ThreadFun] -- 检查更新...
[2014-05-11 18:00:53,200]  10 -- ERROR -- Grab.Glogger [_ThreadFun] -- 连接服务器失败, 退出程序.
[2014-05-11 18:03:06,623]  10 -- INFO  -- Grab.Glogger [_ThreadFun] -- 检查更新...
[2014-05-11 18:03:10,070]  10 -- ERROR -- Grab.Glogger [_ThreadFun] -- 连接服务器失败, 退出程序.
[2014-05-11 18:09:36,265]  10 -- INFO  -- Grab.Glogger [_ThreadFun] -- 检查更新...
[2014-05-11 18:09:40,651]  10 -- ERROR -- Grab.Glogger [_ThreadFun] -- 连接服务器失败, 退出程序.
[2014-05-11 18:13:15,885]  10 -- INFO  -- Grab.Glogger [_ThreadFun] -- 检查更新...
[2014-05-11 18:13:19,351]  10 -- ERROR -- Grab.Glogger [_ThreadFun] -- 连接服务器失败, 退出程序.
[2014-05-11 18:14:39,917]  10 -- INFO  -- Grab.Glogger [_ThreadFun] -- 检查更新...
[2014-05-11 18:14:43,370]  10 -- ERROR -- Grab.Glogger [_ThreadFun] -- 连接服务器失败, 退出程序.
[2014-05-11 18:15:29,522]  10 -- INFO  -- Grab.Glogger [_ThreadFun] -- 检查更新...
[2014-05-11 18:15:32,920]  10 -- ERROR -- Grab.Glogger [_ThreadFun] -- 连接服务器失败, 退出程序.
[2014-05-11 18:17:49,066]  10 -- INFO  -- Grab.Glogger [_ThreadFun] -- 检查更新...
[2014-05-11 18:17:52,604]  10 -- ERROR -- Grab.Glogger [_ThreadFun] -- 连接服务器失败, 退出程序.
[2014-05-11 18:21:58,429]  10 -- INFO  -- Grab.Glogger [_ThreadFun] -- 检查更新...
[2014-05-11 18:22:01,918]  10 -- ERROR -- Grab.Glogger [_ThreadFun] -- 连接服务器失败, 退出程序.
[2014-05-11 18:27:36,965]  10 -- INFO  -- Grab.Glogger [_ThreadFun] -- 检查更新...
[2014-05-11 18:27:41,349]  10 -- ERROR -- Grab.Glogger [_ThreadFun] -- 连接服务器失败, 退出程序.
[2014-05-11 18:29:07,310]  10 -- INFO  -- Grab.Glogger [_ThreadFun] -- 检查更新...
[2014-05-11 18:29:10,775]  10 -- ERROR -- Grab.Glogger [_ThreadFun] -- 连接服务器失败, 退出程序.
[2014-05-11 18:51:00,797]  10 -- INFO  -- Grab.Glogger [_ThreadFun] -- 检查更新...
[2014-05-11 18:51:05,154]  10 -- ERROR -- Grab.Glogger [_ThreadFun] -- 连接服务器失败, 退出程序.
[2014-05-11 18:52:17,967]  10 -- INFO  -- Grab.Glogger [_ThreadFun] -- 检查更新...
[2014-05-11 18:52:21,425]  10 -- ERROR -- Grab.Glogger [_ThreadFun] -- 连接服务器失败, 退出程序.
[2014-05-11 18:54:03,649]  11 -- INFO  -- Grab.Glogger [_ThreadFun] -- 检查更新...
[2014-05-11 18:54:07,130]  11 -- ERROR -- Grab.Glogger [_ThreadFun] -- 连接服务器失败, 退出程序.
[2014-05-11 18:59:36,277]  11 -- INFO  -- Grab.Glogger [_ThreadFun] -- 检查更新...
[2014-05-11 18:59:39,762]  11 -- ERROR -- Grab.Glogger [_ThreadFun] -- 连接服务器失败, 退出程序.
[2014-05-11 19:01:31,789]  10 -- INFO  -- Grab.Glogger [_ThreadFun] -- 检查更新...
[2014-05-11 19:01:35,235]  10 -- ERROR -- Grab.Glogger [_ThreadFun] -- 连接服务器失败, 退出程序.
[2014-05-11 19:07:36,567]  11 -- INFO  -- Grab.Glogger [_ThreadFun] -- 检查更新...
[2014-05-11 19:07:40,929]  11 -- ERROR -- Grab.Glogger [_ThreadFun] -- 连接服务器失败, 退出程序.
[2014-05-11 19:09:38,197]  10 -- INFO  -- Grab.Glogger [_ThreadFun] -- 检查更新...
[2014-05-11 19:09:41,678]  10 -- ERROR -- Grab.Glogger [_ThreadFun] -- 连接服务器失败, 退出程序.
[2014-05-11 19:11:10,964]  10 -- INFO  -- Grab.Glogger [_ThreadFun] -- 检查更新...
[2014-05-11 19:11:14,415]  10 -- ERROR -- Grab.Glogger [_ThreadFun] -- 连接服务器失败, 退出程序.
[2014-05-11 19:18:09,964]  10 -- INFO  -- Grab.Glogger [_ThreadFun] -- 检查更新...
[2014-05-11 19:18:13,451]  10 -- ERROR -- Grab.Glogger [_ThreadFun] -- 连接服务器失败, 退出程序.
[2014-05-11 19:33:15,737]  10 -- INFO  -- Grab.Glogger [_ThreadFun] -- 检查更新...
[2014-05-11 19:33:20,154]  10 -- ERROR -- Grab.Glogger [_ThreadFun] -- 连接服务器失败, 退出程序.
[2014-05-11 19:33:52,399]  11 -- INFO  -- Grab.Glogger [_ThreadFun] -- 检查更新...
[2014-05-11 19:33:55,781]  11 -- ERROR -- Grab.Glogger [_ThreadFun] -- 连接服务器失败, 退出程序.
[2014-05-13 15:47:04,057]  10 -- INFO  -- Grab.Glogger [_ThreadFun] -- 检查更新...
[2014-05-13 15:47:07,658]  10 -- ERROR -- Grab.Glogger [_ThreadFun] -- 连接服务器失败, 退出程序.
[2014-05-13 15:48:50,015]  10 -- INFO  -- Grab.Glogger [_ThreadFun] -- 检查更新...
[2014-05-13 15:48:54,390]  10 -- ERROR -- Grab.Glogger [_ThreadFun] -- 连接服务器失败, 退出程序.
[2014-05-13 16:26:09,965]  11 -- INFO  -- Grab.Glogger [_ThreadFun] -- 检查更新...
[2014-05-13 16:26:14,300]  11 -- ERROR -- Grab.Glogger [_ThreadFun] -- 连接服务器失败, 退出程序.
[2014-05-13 16:28:44,551]  10 -- INFO  -- Grab.Glogger [_ThreadFun] -- 检查更新...
[2014-05-13 16:28:48,850]  10 -- ERROR -- Grab.Glogger [_ThreadFun] -- 连接服务器失败, 退出程序.
[2014-05-13 16:33:15,413]  10 -- INFO  -- Grab.Glogger [_ThreadFun] -- 检查更新...
[2014-05-13 16:33:18,855]  10 -- ERROR -- Grab.Glogger [_ThreadFun] -- 连接服务器失败, 退出程序.
[2014-05-13 16:34:14,421]  10 -- INFO  -- Grab.Glogger [_ThreadFun] -- 检查更新...
[2014-05-13 16:34:17,777]  10 -- ERROR -- Grab.Glogger [_ThreadFun] -- 连接服务器失败, 退出程序.
[2014-05-13 16:38:23,163]  11 -- INFO  -- Grab.Glogger [_ThreadFun] -- 检查更新...
[2014-05-13 16:38:26,535]  11 -- ERROR -- Grab.Glogger [_ThreadFun] -- 连接服务器失败, 退出程序.
[2014-05-13 16:38:52,415]  10 -- INFO  -- Grab.Glogger [_ThreadFun] -- 检查更新...
[2014-05-13 16:38:55,772]  10 -- ERROR -- Grab.Glogger [_ThreadFun] -- 连接服务器失败, 退出程序.
[2014-05-13 17:14:34,738]  10 -- INFO  -- Grab.Glogger [_ThreadFun] -- 检查更新...
[2014-05-13 17:14:39,125]  10 -- ERROR -- Grab.Glogger [_ThreadFun] -- 连接服务器失败, 退出程序.
[2014-05-13 17:16:01,016]  10 -- INFO  -- Grab.Glogger [_ThreadFun] -- 检查更新...
[2014-05-13 17:16:04,474]  10 -- ERROR -- Grab.Glogger [_ThreadFun] -- 连接服务器失败, 退出程序.
[2014-05-13 17:16:40,008]  10 -- INFO  -- Grab.Glogger [_ThreadFun] -- 检查更新...
[2014-05-13 17:16:43,415]  10 -- ERROR -- Grab.Glogger [_ThreadFun] -- 连接服务器失败, 退出程序.
[2014-05-13 17:19:47,811]  10 -- INFO  -- Grab.Glogger [_ThreadFun] -- 检查更新...
[2014-05-13 17:19:51,284]  10 -- ERROR -- Grab.Glogger [_ThreadFun] -- 连接服务器失败, 退出程序.
[2014-05-13 17:21:52,612]  10 -- INFO  -- Grab.Glogger [_ThreadFun] -- 检查更新...
[2014-05-13 17:21:56,986]  10 -- ERROR -- Grab.Glogger [_ThreadFun] -- 连接服务器失败, 退出程序.
[2014-05-13 17:22:50,788]  10 -- INFO  -- Grab.Glogger [_ThreadFun] -- 检查更新...
[2014-05-13 17:22:54,159]  10 -- ERROR -- Grab.Glogger [_ThreadFun] -- 连接服务器失败, 退出程序.
[2014-05-13 17:29:28,973]  10 -- INFO  -- Grab.Glogger [_ThreadFun] -- 检查更新...
[2014-05-13 17:30:03,775]  10 -- INFO  -- Grab.Glogger [_ThreadFun] -- 检查更新...
[2014-05-13 17:30:07,230]  10 -- ERROR -- Grab.Glogger [_ThreadFun] -- 连接服务器失败, 退出程序.
[2014-05-13 17:30:15,150]  10 -- INFO  -- Grab.Glogger [_ThreadFun] -- 检查更新...
[2014-05-13 17:30:18,564]  10 -- ERROR -- Grab.Glogger [_ThreadFun] -- 连接服务器失败, 退出程序.
[2014-05-13 17:36:41,445]  11 -- INFO  -- Grab.Glogger [_ThreadFun] -- 检查更新...
[2014-05-13 17:36:45,837]  11 -- ERROR -- Grab.Glogger [_ThreadFun] -- 连接服务器失败, 退出程序.
[2014-05-13 17:40:41,892]  10 -- INFO  -- Grab.Glogger [_ThreadFun] -- 检查更新...
[2014-05-13 17:40:45,356]  10 -- ERROR -- Grab.Glogger [_ThreadFun] -- 连接服务器失败, 退出程序.
[2014-05-13 18:01:12,039]  10 -- INFO  -- Grab.Glogger [_ThreadFun] -- 检查更新...
[2014-05-13 18:01:15,493]  10 -- ERROR -- Grab.Glogger [_ThreadFun] -- 连接服务器失败, 退出程序.
[2014-05-13 18:03:25,773]  11 -- INFO  -- Grab.Glogger [_ThreadFun] -- 检查更新...
[2014-05-13 18:03:29,235]  11 -- ERROR -- Grab.Glogger [_ThreadFun] -- 连接服务器失败, 退出程序.
[2014-05-13 18:06:44,035]  11 -- INFO  -- Grab.Glogger [_ThreadFun] -- 检查更新...
[2014-05-13 18:06:47,500]  11 -- ERROR -- Grab.Glogger [_ThreadFun] -- 连接服务器失败, 退出程序.
[2014-05-13 18:32:23,118]  10 -- INFO  -- Grab.Glogger [_ThreadFun] -- 检查更新...
[2014-05-13 18:32:27,808]  10 -- ERROR -- Grab.Glogger [_ThreadFun] -- 连接服务器失败, 退出程序.
[2014-05-13 19:04:28,323]  11 -- INFO  -- Grab.Glogger [_ThreadFun] -- 检查更新...
[2014-05-13 19:04:31,702]  11 -- ERROR -- Grab.Glogger [_ThreadFun] -- 连接服务器失败, 退出程序.
[2014-05-13 19:05:50,850]  10 -- INFO  -- Grab.Glogger [_ThreadFun] -- 检查更新...
[2014-05-13 19:05:54,342]  10 -- ERROR -- Grab.Glogger [_ThreadFun] -- 连接服务器失败, 退出程序.
[2014-05-13 19:07:02,291]  10 -- INFO  -- Grab.Glogger [_ThreadFun] -- 检查更新...
[2014-05-13 19:07:05,781]  10 -- ERROR -- Grab.Glogger [_ThreadFun] -- 连接服务器失败, 退出程序.
[2014-05-13 19:10:25,878]  11 -- INFO  -- Grab.Glogger [_ThreadFun] -- 检查更新...
[2014-05-13 19:10:29,402]  11 -- ERROR -- Grab.Glogger [_ThreadFun] -- 连接服务器失败, 退出程序.
[2014-05-13 19:32:19,573]  10 -- INFO  -- Grab.Glogger [_ThreadFun] -- 检查更新...
[2014-05-13 19:32:23,995]  10 -- ERROR -- Grab.Glogger [_ThreadFun] -- 连接服务器失败, 退出程序.
[2014-05-14 10:52:33,163]  11 -- INFO  -- Grab.Glogger [_ThreadFun] -- 检查更新...
[2014-05-14 10:52:36,690]  11 -- ERROR -- Grab.Glogger [_ThreadFun] -- 连接服务器失败, 退出程序.
[2014-05-14 12:30:21,480]  11 -- INFO  -- Grab.Glogger [_ThreadFun] -- 检查更新...
[2014-05-14 12:30:25,833]  11 -- ERROR -- Grab.Glogger [_ThreadFun] -- 连接服务器失败, 退出程序.
[2014-05-14 12:44:59,907]  10 -- INFO  -- Grab.Glogger [_ThreadFun] -- 检查更新...
[2014-05-14 12:45:03,585]  10 -- ERROR -- Grab.Glogger [_ThreadFun] -- 连接服务器失败, 退出程序.
[2014-05-14 12:46:18,241]  10 -- INFO  -- Grab.Glogger [_ThreadFun] -- 检查更新...
[2014-05-14 12:46:22,631]  10 -- ERROR -- Grab.Glogger [_ThreadFun] -- 连接服务器失败, 退出程序.
[2014-05-14 12:49:06,461]  11 -- INFO  -- Grab.Glogger [_ThreadFun] -- 检查更新...
[2014-05-14 12:49:09,946]  11 -- ERROR -- Grab.Glogger [_ThreadFun] -- 连接服务器失败, 退出程序.
[2014-05-14 12:51:04,882]  11 -- INFO  -- Grab.Glogger [_ThreadFun] -- 检查更新...
[2014-05-14 12:51:08,376]  11 -- ERROR -- Grab.Glogger [_ThreadFun] -- 连接服务器失败, 退出程序.
[2014-05-14 12:54:45,591]  11 -- INFO  -- Grab.Glogger [_ThreadFun] -- 检查更新...
[2014-05-14 12:54:49,067]  11 -- ERROR -- Grab.Glogger [_ThreadFun] -- 连接服务器失败, 退出程序.
[2014-05-14 12:57:38,533]  10 -- INFO  -- Grab.Glogger [_ThreadFun] -- 检查更新...
[2014-05-14 12:57:42,050]  10 -- ERROR -- Grab.Glogger [_ThreadFun] -- 连接服务器失败, 退出程序.
[2014-05-14 13:23:03,047]  11 -- INFO  -- Grab.Glogger [_ThreadFun] -- 检查更新...
[2014-05-14 13:23:06,416]  11 -- ERROR -- Grab.Glogger [_ThreadFun] -- 连接服务器失败, 退出程序.
[2014-05-14 13:33:54,944]  10 -- INFO  -- Grab.Glogger [_ThreadFun] -- 检查更新...
[2014-05-14 13:33:58,401]  10 -- ERROR -- Grab.Glogger [_ThreadFun] -- 连接服务器失败, 退出程序.
[2014-05-14 13:35:53,874]  11 -- INFO  -- Grab.Glogger [_ThreadFun] -- 检查更新...
[2014-05-14 13:35:57,344]  11 -- ERROR -- Grab.Glogger [_ThreadFun] -- 连接服务器失败, 退出程序.
[2014-05-14 13:42:03,176]  10 -- INFO  -- Grab.Glogger [_ThreadFun] -- 检查更新...
[2014-05-14 13:42:07,668]  10 -- ERROR -- Grab.Glogger [_ThreadFun] -- 连接服务器失败, 退出程序.
[2014-05-14 14:04:50,443]  11 -- INFO  -- Grab.Glogger [_ThreadFun] -- 检查更新...
[2014-05-14 14:04:54,809]  11 -- ERROR -- Grab.Glogger [_ThreadFun] -- 连接服务器失败, 退出程序.
[2014-05-14 15:03:00,560]  10 -- INFO  -- Grab.Glogger [_ThreadFun] -- 检查更新...
[2014-05-14 15:03:04,932]  10 -- ERROR -- Grab.Glogger [_ThreadFun] -- 连接服务器失败, 退出程序.
[2014-05-14 16:27:30,935]  11 -- INFO  -- Grab.Glogger [_ThreadFun] -- 检查更新...
[2014-05-14 16:27:35,429]  11 -- ERROR -- Grab.Glogger [_ThreadFun] -- 连接服务器失败, 退出程序.
[2014-05-15 09:44:37,361]  10 -- INFO  -- Grab.Glogger [_ThreadFun] -- 检查更新...
[2014-05-15 09:44:41,921]  10 -- ERROR -- Grab.Glogger [_ThreadFun] -- 连接服务器失败, 退出程序.
[2014-05-15 10:59:07,956]  11 -- INFO  -- Grab.Glogger [_ThreadFun] -- 检查更新...
[2014-05-15 10:59:11,532]  11 -- ERROR -- Grab.Glogger [_ThreadFun] -- 连接服务器失败, 退出程序.
[2014-05-15 11:01:33,140]  10 -- INFO  -- Grab.Glogger [_ThreadFun] -- 检查更新...
[2014-05-15 11:01:39,415]  10 -- ERROR -- Grab.Glogger [_ThreadFun] -- 连接服务器失败, 退出程序.
[2014-05-15 11:03:38,492]  10 -- INFO  -- Grab.Glogger [_ThreadFun] -- 检查更新...
[2014-05-15 11:03:42,957]  10 -- ERROR -- Grab.Glogger [_ThreadFun] -- 连接服务器失败, 退出程序.
[2014-05-15 11:08:36,883]  10 -- INFO  -- Grab.Glogger [_ThreadFun] -- 检查更新...
[2014-05-15 11:08:43,109]  10 -- ERROR -- Grab.Glogger [_ThreadFun] -- 连接服务器失败, 退出程序.
[2014-05-15 11:09:55,321]  10 -- INFO  -- Grab.Glogger [_ThreadFun] -- 检查更新...
[2014-05-15 11:09:58,856]  10 -- ERROR -- Grab.Glogger [_ThreadFun] -- 连接服务器失败, 退出程序.
[2014-05-15 11:26:27,626]  10 -- INFO  -- Grab.Glogger [_ThreadFun] -- 检查更新...
[2014-05-15 11:26:32,261]  10 -- ERROR -- Grab.Glogger [_ThreadFun] -- 连接服务器失败, 退出程序.
[2014-05-15 11:49:52,615]  11 -- INFO  -- Grab.Glogger [_ThreadFun] -- 检查更新...
[2014-05-15 11:49:57,484]  11 -- ERROR -- Grab.Glogger [_ThreadFun] -- 连接服务器失败, 退出程序.
[2014-05-15 11:52:11,856]  10 -- INFO  -- Grab.Glogger [_ThreadFun] -- 检查更新...
[2014-05-15 11:52:15,488]  10 -- ERROR -- Grab.Glogger [_ThreadFun] -- 连接服务器失败, 退出程序.
[2014-05-15 11:55:36,322]  10 -- INFO  -- Grab.Glogger [_ThreadFun] -- 检查更新...
[2014-05-15 11:55:40,939]  10 -- ERROR -- Grab.Glogger [_ThreadFun] -- 连接服务器失败, 退出程序.
[2014-05-15 11:56:28,124]  10 -- INFO  -- Grab.Glogger [_ThreadFun] -- 检查更新...
[2014-05-15 11:56:31,481]  10 -- ERROR -- Grab.Glogger [_ThreadFun] -- 连接服务器失败, 退出程序.
[2014-05-15 11:57:21,883]  11 -- INFO  -- Grab.Glogger [_ThreadFun] -- 检查更新...
[2014-05-15 11:57:26,556]  11 -- ERROR -- Grab.Glogger [_ThreadFun] -- 连接服务器失败, 退出程序.
[2014-05-15 11:58:48,970]  11 -- INFO  -- Grab.Glogger [_ThreadFun] -- 检查更新...
[2014-05-15 11:58:52,451]  11 -- ERROR -- Grab.Glogger [_ThreadFun] -- 连接服务器失败, 退出程序.
[2014-05-15 12:02:14,863]  10 -- INFO  -- Grab.Glogger [_ThreadFun] -- 检查更新...
[2014-05-15 12:02:19,484]  10 -- ERROR -- Grab.Glogger [_ThreadFun] -- 连接服务器失败, 退出程序.
[2014-05-15 12:03:28,396]  11 -- INFO  -- Grab.Glogger [_ThreadFun] -- 检查更新...
[2014-05-15 12:03:31,870]  11 -- ERROR -- Grab.Glogger [_ThreadFun] -- 连接服务器失败, 退出程序.
[2014-05-15 12:04:32,898]  11 -- INFO  -- Grab.Glogger [_ThreadFun] -- 检查更新...
[2014-05-15 12:04:37,435]  11 -- ERROR -- Grab.Glogger [_ThreadFun] -- 连接服务器失败, 退出程序.
[2014-05-15 12:26:37,654]  11 -- INFO  -- Grab.Glogger [_ThreadFun] -- 检查更新...
[2014-05-15 12:26:42,061]  11 -- ERROR -- Grab.Glogger [_ThreadFun] -- 连接服务器失败, 退出程序.
[2014-05-15 12:28:00,279]  10 -- INFO  -- Grab.Glogger [_ThreadFun] -- 检查更新...
[2014-05-15 12:28:03,728]  10 -- ERROR -- Grab.Glogger [_ThreadFun] -- 连接服务器失败, 退出程序.
[2014-05-15 12:40:01,694]  11 -- INFO  -- Grab.Glogger [_ThreadFun] -- 检查更新...
[2014-05-15 12:40:05,275]  11 -- ERROR -- Grab.Glogger [_ThreadFun] -- 连接服务器失败, 退出程序.
[2014-05-15 12:41:25,143]  11 -- INFO  -- Grab.Glogger [_ThreadFun] -- 检查更新...
[2014-05-15 12:41:28,612]  11 -- ERROR -- Grab.Glogger [_ThreadFun] -- 连接服务器失败, 退出程序.
[2014-05-15 12:41:37,893]  11 -- INFO  -- Grab.Glogger [_ThreadFun] -- 检查更新...
[2014-05-15 12:41:42,182]  11 -- ERROR -- Grab.Glogger [_ThreadFun] -- 连接服务器失败, 退出程序.
[2014-05-15 12:51:11,959]  10 -- INFO  -- Grab.Glogger [_ThreadFun] -- 检查更新...
[2014-05-15 12:51:15,399]  10 -- ERROR -- Grab.Glogger [_ThreadFun] -- 连接服务器失败, 退出程序.
[2014-05-15 13:27:21,993]  10 -- INFO  -- Grab.Glogger [_ThreadFun] -- 检查更新...
[2014-05-15 13:27:26,461]  10 -- ERROR -- Grab.Glogger [_ThreadFun] -- 连接服务器失败, 退出程序.
[2014-05-15 13:44:53,167]  10 -- INFO  -- Grab.Glogger [_ThreadFun] -- 检查更新...
[2014-05-15 13:45:30,029]  11 -- INFO  -- Grab.Glogger [_ThreadFun] -- 检查更新...
[2014-05-15 13:45:33,394]  11 -- ERROR -- Grab.Glogger [_ThreadFun] -- 连接服务器失败, 退出程序.
[2014-05-15 13:45:55,077]  10 -- INFO  -- Grab.Glogger [_ThreadFun] -- 检查更新...
[2014-05-15 13:45:58,575]  10 -- ERROR -- Grab.Glogger [_ThreadFun] -- 连接服务器失败, 退出程序.
[2014-05-15 15:28:44,961]  10 -- INFO  -- Grab.Glogger [_ThreadFun] -- 检查更新...
[2014-05-15 15:28:49,285]  10 -- ERROR -- Grab.Glogger [_ThreadFun] -- 连接服务器失败, 退出程序.
[2014-05-15 15:29:19,836]  11 -- INFO  -- Grab.Glogger [_ThreadFun] -- 检查更新...
[2014-05-15 15:29:23,199]  11 -- ERROR -- Grab.Glogger [_ThreadFun] -- 连接服务器失败, 退出程序.
[2014-05-15 15:50:20,853]  10 -- INFO  -- Grab.Glogger [_ThreadFun] -- 检查更新...
[2014-05-15 15:50:25,221]  10 -- ERROR -- Grab.Glogger [_ThreadFun] -- 连接服务器失败, 退出程序.
[2014-05-15 15:50:52,136]  11 -- INFO  -- Grab.Glogger [_ThreadFun] -- 检查更新...
[2014-05-15 15:50:55,500]  11 -- ERROR -- Grab.Glogger [_ThreadFun] -- 连接服务器失败, 退出程序.
[2014-05-15 15:52:01,738]  10 -- INFO  -- Grab.Glogger [_ThreadFun] -- 检查更新...
[2014-05-15 15:52:05,201]  10 -- ERROR -- Grab.Glogger [_ThreadFun] -- 连接服务器失败, 退出程序.
[2014-05-15 16:29:05,660]  10 -- INFO  -- Grab.Glogger [_ThreadFun] -- 检查更新...
[2014-05-15 16:29:10,031]  10 -- ERROR -- Grab.Glogger [_ThreadFun] -- 连接服务器失败, 退出程序.
[2014-05-15 16:50:02,040]  11 -- INFO  -- Grab.Glogger [_ThreadFun] -- 检查更新...
[2014-05-15 16:50:06,412]  11 -- ERROR -- Grab.Glogger [_ThreadFun] -- 连接服务器失败, 退出程序.
[2014-05-15 16:51:43,296]  11 -- INFO  -- Grab.Glogger [_ThreadFun] -- 检查更新...
[2014-05-15 16:51:46,758]  11 -- ERROR -- Grab.Glogger [_ThreadFun] -- 连接服务器失败, 退出程序.
[2014-05-15 16:52:33,364]  11 -- INFO  -- Grab.Glogger [_ThreadFun] -- 检查更新...
[2014-05-15 16:52:36,744]  11 -- ERROR -- Grab.Glogger [_ThreadFun] -- 连接服务器失败, 退出程序.
[2014-05-15 16:54:11,847]  11 -- INFO  -- Grab.Glogger [_ThreadFun] -- 检查更新...
[2014-05-15 16:54:15,306]  11 -- ERROR -- Grab.Glogger [_ThreadFun] -- 连接服务器失败, 退出程序.
[2014-05-15 16:55:15,262]  11 -- INFO  -- Grab.Glogger [_ThreadFun] -- 检查更新...
[2014-05-15 16:55:19,127]  11 -- ERROR -- Grab.Glogger [_ThreadFun] -- 连接服务器失败, 退出程序.
[2014-05-15 17:22:24,393]  11 -- INFO  -- Grab.Glogger [_ThreadFun] -- 检查更新...
[2014-05-15 17:22:27,872]  11 -- ERROR -- Grab.Glogger [_ThreadFun] -- 连接服务器失败, 退出程序.
[2014-05-15 17:28:47,697]  11 -- INFO  -- Grab.Glogger [_ThreadFun] -- 检查更新...
[2014-05-15 17:28:52,079]  11 -- ERROR -- Grab.Glogger [_ThreadFun] -- 连接服务器失败, 退出程序.
[2014-05-15 17:34:29,332]  10 -- INFO  -- Grab.Glogger [_ThreadFun] -- 检查更新...
[2014-05-15 17:34:32,785]  10 -- ERROR -- Grab.Glogger [_ThreadFun] -- 连接服务器失败, 退出程序.
[2014-05-15 17:44:58,401]  11 -- INFO  -- Grab.Glogger [_ThreadFun] -- 检查更新...
[2014-05-15 17:45:02,766]  11 -- ERROR -- Grab.Glogger [_ThreadFun] -- 连接服务器失败, 退出程序.
[2014-05-15 17:46:29,710]  11 -- INFO  -- Grab.Glogger [_ThreadFun] -- 检查更新...
[2014-05-15 17:46:33,179]  11 -- ERROR -- Grab.Glogger [_ThreadFun] -- 连接服务器失败, 退出程序.
[2014-05-15 17:56:08,287]  10 -- INFO  -- Grab.Glogger [_ThreadFun] -- 检查更新...
[2014-05-15 17:56:11,777]  10 -- ERROR -- Grab.Glogger [_ThreadFun] -- 连接服务器失败, 退出程序.
[2014-05-15 18:09:47,752]  10 -- INFO  -- Grab.Glogger [_ThreadFun] -- 检查更新...
[2014-05-15 18:09:51,221]  10 -- ERROR -- Grab.Glogger [_ThreadFun] -- 连接服务器失败, 退出程序.
[2014-05-15 18:14:48,092]  11 -- INFO  -- Grab.Glogger [_ThreadFun] -- 检查更新...
[2014-05-15 18:15:46,969]  11 -- INFO  -- Grab.Glogger [_ThreadFun] -- 检查更新...
[2014-05-15 18:15:50,572]  11 -- ERROR -- Grab.Glogger [_ThreadFun] -- 连接服务器失败, 退出程序.
[2014-05-15 18:16:36,537]  10 -- INFO  -- Grab.Glogger [_ThreadFun] -- 检查更新...
[2014-05-15 18:16:52,327]  10 -- ERROR -- Grab.Glogger [_ThreadFun] -- 连接服务器失败, 退出程序.
[2014-05-15 18:20:27,480]  10 -- INFO  -- Grab.Glogger [_ThreadFun] -- 检查更新...
[2014-05-15 18:20:30,962]  10 -- ERROR -- Grab.Glogger [_ThreadFun] -- 连接服务器失败, 退出程序.
[2014-05-15 18:22:15,300]  10 -- INFO  -- Grab.Glogger [_ThreadFun] -- 检查更新...
[2014-05-15 18:22:19,644]  10 -- ERROR -- Grab.Glogger [_ThreadFun] -- 连接服务器失败, 退出程序.
[2014-05-15 18:26:01,190]  11 -- INFO  -- Grab.Glogger [_ThreadFun] -- 检查更新...
[2014-05-15 18:26:05,548]  11 -- ERROR -- Grab.Glogger [_ThreadFun] -- 连接服务器失败, 退出程序.
[2014-05-15 18:48:04,088]  10 -- INFO  -- Grab.Glogger [_ThreadFun] -- 检查更新...
[2014-05-15 18:48:07,528]  10 -- ERROR -- Grab.Glogger [_ThreadFun] -- 连接服务器失败, 退出程序.
[2014-05-15 19:03:59,968]  11 -- INFO  -- Grab.Glogger [_ThreadFun] -- 检查更新...
[2014-05-15 19:04:41,101]  11 -- INFO  -- Grab.Glogger [_ThreadFun] -- 检查更新...
[2014-05-15 19:04:44,554]  11 -- ERROR -- Grab.Glogger [_ThreadFun] -- 连接服务器失败, 退出程序.
[2014-05-15 19:05:41,918]  12 -- INFO  -- Grab.Glogger [_ThreadFun] -- 检查更新...
[2014-05-15 19:05:45,274]  12 -- ERROR -- Grab.Glogger [_ThreadFun] -- 连接服务器失败, 退出程序.
[2014-05-15 19:20:47,977]  10 -- INFO  -- Grab.Glogger [_ThreadFun] -- 检查更新...
[2014-05-15 19:20:52,338]  10 -- ERROR -- Grab.Glogger [_ThreadFun] -- 连接服务器失败, 退出程序.
[2014-05-16 09:51:00,492]  9 -- INFO  -- Grab.Glogger [_ThreadFun] -- 检查更新...
[2014-05-16 09:51:04,047]  9 -- ERROR -- Grab.Glogger [_ThreadFun] -- 连接服务器失败, 退出程序.
